[13:27:32.520] Global cache location '/Users/samuelbanya/Library/Caches/typescript/4.5', safe file path '/usr/local/lib/node_modules/typescript/lib/typingsafelist.json', types map path /usr/local/lib/node_modules/typescript/lib/typesmap.json
[13:27:32.522] Processing cache location '/Users/samuelbanya/Library/Caches/typescript/4.5'
[13:27:32.522] Trying to find '/Users/samuelbanya/Library/Caches/typescript/4.5/package.json'...
[13:27:32.525] Loaded content of '/Users/samuelbanya/Library/Caches/typescript/4.5/package.json': {"private":true,"dependencies":{"types-registry":"^0.1.595"},"devDependencies":{"@types/accepts":"^1.3.5","@types/acorn":"^4.0.6","@types/argparse":"^2.0.10","@types/arr-diff":"^4.0.1","@types/arr-union":"^3.1.0","@types/array-unique":"^0.3.0","@types/asn1":"^0.2.0","@types/assert-plus":"^1.0.4","@types/atob":"^2.1.2","@types/aws4":"^1.11.2","@types/babel__core":"^7.1.19","@types/babel__preset-env":"^7.9.2","@types/babel-code-frame":"^6.20.5","@types/babel-core":"^6.25.7","@types/babel-generator":"^6.25.5","@types/babel-template":"^6.25.2","@types/babel-traverse":"^6.25.7","@types/babel-types":"^7.0.11","@types/babylon":"^6.16.6","@types/balanced-match":"^1.0.2","@types/basic-auth":"^1.1.3","@types/body-parser":"^1.19.2","@types/boom":"^7.3.2","@types/brace-expansion":"^1.1.0","@types/braces":"^3.0.1","@types/bytes":"^3.1.1","@types/call-bind":"^1.0.0","@types/caniuse-lite":"^1.0.1","@types/caseless":"^0.12.2","@types/chai":"^4.3.1","@types/chai-spies":"^1.0.3","@types/check-error":"^1.0.0","@types/co":"^4.6.3","@types/color-convert":"^2.0.0","@types/color-name":"^1.1.1","@types/combined-stream":"^1.0.3","@types/component-emitter":"^1.2.11","@types/compressible":"^2.0.0","@types/compression":"^1.7.2","@types/concat-map":"^0.0.1","@types/configstore":"^5.0.1","@types/content-disposition":"^0.5.5","@types/content-type":"^1.1.5","@types/convert-source-map":"^1.5.2","@types/cookie":"^0.5.1","@types/cookie-signature":"^1.0.4","@types/core-js":"^2.5.5","@types/cors":"^2.8.12","@types/cross-spawn":"^6.0.2","@types/cryptiles":"^3.1.0","@types/cssom":"^0.4.1","@types/cssstyle":"^2.2.1","@types/dashdash":"^1.14.1","@types/debug":"^4.1.7","@types/decode-uri-component":"^0.2.0","@types/deep-extend":"^0.4.32","@types/define-properties":"^1.1.3","@types/depd":"^1.1.32","@types/destroy":"^1.0.0","@types/diff":"^5.0.2","@types/duplexer3":"^0.1.1","@types/ee-first":"^1.1.0","@types/encodeurl":"^1.0.0","@types/end-of-stream":"^1.4.1","@types/errorhandler":"^1.5.0","@types/es-abstract":"^1.17.3","@types/es-get-iterator":"^1.1.0","@types/es-to-primitive":"^1.2.4","@types/escape-html":"^1.0.2","@types/escodegen":"^0.0.7","@types/esprima":"^4.0.3","@types/estraverse":"^5.1.1","@types/esutils":"^2.0.0","@types/etag":"^1.8.1","@types/express":"^4.17.13","@types/extend":"^3.0.1","@types/extsprintf":"^1.4.2","@types/fast-levenshtein":"^0.0.2","@types/fill-range":"^7.0.0","@types/finalhandler":"^1.1.1","@types/flat":"^5.0.2","@types/foreach":"^2.0.0","@types/forever-agent":"^0.6.1","@types/forwarded":"^0.1.0","@types/fresh":"^0.5.0","@types/function-bind":"^1.1.6","@types/get-func-name":"^2.0.0","@types/get-intrinsic":"^1.0.0","@types/get-value":"^3.0.2","@types/getpass":"^0.1.1","@types/glob":"^7.2.0","@types/got":"^9.6.12","@types/graceful-fs":"^4.1.5","@types/has":"^1.0.0","@types/has-ansi":"^5.0.0","@types/has-symbols":"^1.0.0","@types/hawk":"^9.0.2","@types/he":"^1.1.2","@types/hoek":"^4.1.4","@types/html-encoding-sniffer":"^2.0.2","@types/http-errors":"^1.8.2","@types/imurmurhash":"^0.1.1","@types/inherits":"^0.0.30","@types/ini":"^1.3.31","@types/internal-slot":"^1.0.1","@types/invariant":"^2.2.35","@types/is-arguments":"^1.0.0","@types/is-bigint":"^1.0.0","@types/is-boolean-object":"^1.1.0","@types/is-buffer":"^2.0.0","@types/is-callable":"^1.1.0","@types/is-ci":"^3.0.0","@types/is-core-module":"^2.2.0","@types/is-data-descriptor":"^1.0.0","@types/is-date-object":"^1.0.2","@types/is-finite":"^1.0.0","@types/is-generator-function":"^1.0.1","@types/is-number":"^7.0.3","@types/is-regex":"^1.0.0","@types/is-string":"^1.0.0","@types/is-typedarray":"^1.0.0","@types/is-windows":"^1.0.0","@types/isarray":"^2.0.0","@types/isexe":"^2.0.1","@types/isstream":"^0.1.0","@types/jju":"^1.4.2","@types/js-levenshtein":"^1.1.1","@types/js-yaml":"^4.0.5","@types/jsbn":"^1.2.30","@types/jsdom":"^16.2.14","@types/jsesc":"^3.0.1","@types/json-parse-helpfulerror":"^1.0.1","@types/json-schema":"^7.0.11","@types/json-server":"^0.14.4","@types/json-stable-stringify":"^1.0.34","@types/json-stringify-safe":"^5.0.0","@types/kind-of":"^6.0.0","@types/lodash":"^4.14.182","@types/lodash.debounce":"^4.0.7","@types/lodash.once":"^4.1.7","@types/lolex":"^5.1.2","@types/lowdb":"^1.0.11","@types/lru-cache":"^7.6.1","@types/media-typer":"^1.1.1","@types/merge-descriptors":"^1.0.1","@types/method-override":"^0.0.32","@types/methods":"^1.1.1","@types/micromatch":"^4.0.2","@types/mime":"^2.0.3","@types/mime-db":"^1.43.1","@types/mime-types":"^2.1.1","@types/minimatch":"^3.0.5","@types/minimist":"^1.2.2","@types/mkdirp":"^1.0.2","@types/mocha":"^9.1.1","@types/morgan":"^1.9.3","@types/ms":"^0.7.31","@types/negotiator":"^0.6.1","@types/nice-try":"^2.1.0","@types/nise":"^1.4.0","@types/node-fetch":"^2.6.1","@types/number-is-nan":"^2.0.0","@types/nwmatcher":"^1.4.2","@types/object-assign":"^4.0.30","@types/object-inspect":"^1.8.1","@types/object-keys":"^1.0.1","@types/object.getownpropertydescriptors":"^2.1.1","@types/object.pick":"^1.3.2","@types/on-finished":"^2.3.1","@types/on-headers":"^1.0.0","@types/once":"^1.4.0","@types/os-homedir":"^1.0.0","@types/os-tmpdir":"^1.0.0","@types/parse5":"^6.0.3","@types/parseurl":"^1.3.1","@types/pascalcase":"^1.0.1","@types/path-is-absolute":"^1.0.0","@types/path-is-inside":"^1.0.0","@types/path-parse":"^1.0.19","@types/pathval":"^1.1.0","@types/pify":"^5.0.1","@types/pluralize":"^0.0.29","@types/prelude-ls":"^1.1.29","@types/proxy-addr":"^2.0.0","@types/psl":"^1.1.0","@types/pump":"^1.1.1","@types/punycode":"^2.1.0","@types/qs":"^6.9.7","@types/range-parser":"^1.2.4","@types/rc":"^1.2.1","@types/react-is":"^17.0.3","@types/regenerate":"^1.4.1","@types/regenerator-runtime":"^0.13.1","@types/regex-not":"^1.0.0","@types/registry-auth-token":"^4.2.1","@types/repeat-element":"^1.1.1","@types/repeat-string":"^1.6.3","@types/repeating":"^3.0.0","@types/request":"^2.48.8","@types/require-directory":"^2.1.2","@types/resolve":"^1.20.2","@types/safe-regex":"^1.1.3","@types/safer-buffer":"^2.1.0","@types/sax":"^1.2.4","@types/semver":"^7.3.9","@types/semver-compare":"^1.0.1","@types/send":"^0.17.1","@types/serve-static":"^1.13.10","@types/server-destroy":"^1.0.1","@types/set-value":"^4.0.1","@types/shebang-command":"^1.2.0","@types/signal-exit":"^3.0.1","@types/sinon":"^10.0.11","@types/sinon-stub-promise":"^2.1.7","@types/sntp":"^3.0.2","@types/source-map-support":"^0.5.4","@types/sprintf":"^0.1.0","@types/sprintf-js":"^1.1.2","@types/sshpk":"^1.17.0","@types/stack-utils":"^2.0.1","@types/statuses":"^2.0.0","@types/supports-color":"^8.1.1","@types/symbol-tree":"^3.2.2","@types/to-regex":"^3.0.0","@types/to-regex-range":"^5.0.0","@types/tough-cookie":"^4.0.2","@types/type-check":"^0.3.27","@types/type-detect":"^4.0.1","@types/type-is":"^1.6.3","@types/update-notifier":"^5.1.0","@types/urix":"^0.1.0","@types/url-parse-lax":"^5.0.0","@types/utils-merge":"^0.0.28","@types/uuid":"^8.3.4","@types/vary":"^1.1.0","@types/verror":"^1.10.5","@types/webidl-conversions":"^6.1.1","@types/whatwg-encoding":"^1.0.0","@types/whatwg-url":"^8.2.1","@types/which":"^2.0.1","@types/wordwrap":"^1.0.1","@types/wrap-ansi":"^8.0.1","@types/write-file-atomic":"^4.0.0","@types/xml-name-validator":"^4.0.0","@types/yallist":"^4.0.1","@types/yargs":"^17.0.10","@types/yargs-parser":"^21.0.0","@types/yargs-unparser":"^2.0.1"}}
[13:27:32.526] Loaded content of '/Users/samuelbanya/Library/Caches/typescript/4.5/package-lock.json'
[13:27:32.535] Adding entry into typings cache: 'accepts' => '/Users/samuelbanya/Library/Caches/typescript/4.5/node_modules/@types/accepts/index.d.ts'
[13:27:32.538] Adding entry into typings cache: 'acorn' => '/Users/samuelbanya/Library/Caches/typescript/4.5/node_modules/@types/acorn/index.d.ts'
[13:27:32.539] Adding entry into typings cache: 'argparse' => '/Users/samuelbanya/Library/Caches/typescript/4.5/node_modules/@types/argparse/index.d.ts'
[13:27:32.540] Adding entry into typings cache: 'arr-diff' => '/Users/samuelbanya/Library/Caches/typescript/4.5/node_modules/@types/arr-diff/index.d.ts'
[13:27:32.541] Adding entry into typings cache: 'arr-union' => '/Users/samuelbanya/Library/Caches/typescript/4.5/node_modules/@types/arr-union/index.d.ts'
[13:27:32.542] Adding entry into typings cache: 'array-unique' => '/Users/samuelbanya/Library/Caches/typescript/4.5/node_modules/@types/array-unique/index.d.ts'
[13:27:32.543] Adding entry into typings cache: 'asn1' => '/Users/samuelbanya/Library/Caches/typescript/4.5/node_modules/@types/asn1/index.d.ts'
[13:27:32.545] Adding entry into typings cache: 'assert-plus' => '/Users/samuelbanya/Library/Caches/typescript/4.5/node_modules/@types/assert-plus/index.d.ts'
[13:27:32.546] Adding entry into typings cache: 'atob' => '/Users/samuelbanya/Library/Caches/typescript/4.5/node_modules/@types/atob/index.d.ts'
[13:27:32.547] Adding entry into typings cache: 'aws4' => '/Users/samuelbanya/Library/Caches/typescript/4.5/node_modules/@types/aws4/index.d.ts'
[13:27:32.549] Adding entry into typings cache: 'babel__core' => '/Users/samuelbanya/Library/Caches/typescript/4.5/node_modules/@types/babel__core/index.d.ts'
[13:27:32.551] Adding entry into typings cache: 'babel__preset-env' => '/Users/samuelbanya/Library/Caches/typescript/4.5/node_modules/@types/babel__preset-env/index.d.ts'
[13:27:32.552] Adding entry into typings cache: 'babel-code-frame' => '/Users/samuelbanya/Library/Caches/typescript/4.5/node_modules/@types/babel-code-frame/index.d.ts'
[13:27:32.553] Adding entry into typings cache: 'babel-core' => '/Users/samuelbanya/Library/Caches/typescript/4.5/node_modules/@types/babel-core/index.d.ts'
[13:27:32.555] Adding entry into typings cache: 'babel-generator' => '/Users/samuelbanya/Library/Caches/typescript/4.5/node_modules/@types/babel-generator/index.d.ts'
[13:27:32.556] Adding entry into typings cache: 'babel-template' => '/Users/samuelbanya/Library/Caches/typescript/4.5/node_modules/@types/babel-template/index.d.ts'
[13:27:32.558] Adding entry into typings cache: 'babel-traverse' => '/Users/samuelbanya/Library/Caches/typescript/4.5/node_modules/@types/babel-traverse/index.d.ts'
[13:27:32.559] Adding entry into typings cache: 'babel-types' => '/Users/samuelbanya/Library/Caches/typescript/4.5/node_modules/@types/babel-types/index.d.ts'
[13:27:32.560] Adding entry into typings cache: 'babylon' => '/Users/samuelbanya/Library/Caches/typescript/4.5/node_modules/@types/babylon/index.d.ts'
[13:27:32.561] Adding entry into typings cache: 'balanced-match' => '/Users/samuelbanya/Library/Caches/typescript/4.5/node_modules/@types/balanced-match/index.d.ts'
[13:27:32.562] Adding entry into typings cache: 'basic-auth' => '/Users/samuelbanya/Library/Caches/typescript/4.5/node_modules/@types/basic-auth/index.d.ts'
[13:27:32.563] Adding entry into typings cache: 'body-parser' => '/Users/samuelbanya/Library/Caches/typescript/4.5/node_modules/@types/body-parser/index.d.ts'
[13:27:32.564] Adding entry into typings cache: 'boom' => '/Users/samuelbanya/Library/Caches/typescript/4.5/node_modules/@types/boom/index.d.ts'
[13:27:32.565] Adding entry into typings cache: 'brace-expansion' => '/Users/samuelbanya/Library/Caches/typescript/4.5/node_modules/@types/brace-expansion/index.d.ts'
[13:27:32.566] Adding entry into typings cache: 'braces' => '/Users/samuelbanya/Library/Caches/typescript/4.5/node_modules/@types/braces/index.d.ts'
[13:27:32.567] Adding entry into typings cache: 'bytes' => '/Users/samuelbanya/Library/Caches/typescript/4.5/node_modules/@types/bytes/index.d.ts'
[13:27:32.568] Adding entry into typings cache: 'call-bind' => '/Users/samuelbanya/Library/Caches/typescript/4.5/node_modules/@types/call-bind/index.d.ts'
[13:27:32.569] Adding entry into typings cache: 'caniuse-lite' => '/Users/samuelbanya/Library/Caches/typescript/4.5/node_modules/@types/caniuse-lite/index.d.ts'
[13:27:32.570] Adding entry into typings cache: 'caseless' => '/Users/samuelbanya/Library/Caches/typescript/4.5/node_modules/@types/caseless/index.d.ts'
[13:27:32.571] Adding entry into typings cache: 'chai' => '/Users/samuelbanya/Library/Caches/typescript/4.5/node_modules/@types/chai/index.d.ts'
[13:27:32.572] Adding entry into typings cache: 'chai-spies' => '/Users/samuelbanya/Library/Caches/typescript/4.5/node_modules/@types/chai-spies/index.d.ts'
[13:27:32.572] Adding entry into typings cache: 'check-error' => '/Users/samuelbanya/Library/Caches/typescript/4.5/node_modules/@types/check-error/index.d.ts'
[13:27:32.573] Adding entry into typings cache: 'co' => '/Users/samuelbanya/Library/Caches/typescript/4.5/node_modules/@types/co/index.d.ts'
[13:27:32.575] Adding entry into typings cache: 'color-convert' => '/Users/samuelbanya/Library/Caches/typescript/4.5/node_modules/@types/color-convert/index.d.ts'
[13:27:32.577] Adding entry into typings cache: 'color-name' => '/Users/samuelbanya/Library/Caches/typescript/4.5/node_modules/@types/color-name/index.d.ts'
[13:27:32.579] Adding entry into typings cache: 'combined-stream' => '/Users/samuelbanya/Library/Caches/typescript/4.5/node_modules/@types/combined-stream/index.d.ts'
[13:27:32.579] Adding entry into typings cache: 'component-emitter' => '/Users/samuelbanya/Library/Caches/typescript/4.5/node_modules/@types/component-emitter/index.d.ts'
[13:27:32.580] Adding entry into typings cache: 'compressible' => '/Users/samuelbanya/Library/Caches/typescript/4.5/node_modules/@types/compressible/index.d.ts'
[13:27:32.580] Adding entry into typings cache: 'compression' => '/Users/samuelbanya/Library/Caches/typescript/4.5/node_modules/@types/compression/index.d.ts'
[13:27:32.581] Adding entry into typings cache: 'concat-map' => '/Users/samuelbanya/Library/Caches/typescript/4.5/node_modules/@types/concat-map/index.d.ts'
[13:27:32.582] Adding entry into typings cache: 'configstore' => '/Users/samuelbanya/Library/Caches/typescript/4.5/node_modules/@types/configstore/index.d.ts'
[13:27:32.582] Adding entry into typings cache: 'content-disposition' => '/Users/samuelbanya/Library/Caches/typescript/4.5/node_modules/@types/content-disposition/index.d.ts'
[13:27:32.583] Adding entry into typings cache: 'content-type' => '/Users/samuelbanya/Library/Caches/typescript/4.5/node_modules/@types/content-type/index.d.ts'
[13:27:32.584] Adding entry into typings cache: 'convert-source-map' => '/Users/samuelbanya/Library/Caches/typescript/4.5/node_modules/@types/convert-source-map/index.d.ts'
[13:27:32.584] Adding entry into typings cache: 'cookie' => '/Users/samuelbanya/Library/Caches/typescript/4.5/node_modules/@types/cookie/index.d.ts'
[13:27:32.585] Adding entry into typings cache: 'cookie-signature' => '/Users/samuelbanya/Library/Caches/typescript/4.5/node_modules/@types/cookie-signature/index.d.ts'
[13:27:32.587] Adding entry into typings cache: 'core-js' => '/Users/samuelbanya/Library/Caches/typescript/4.5/node_modules/@types/core-js/index.d.ts'
[13:27:32.588] Adding entry into typings cache: 'cors' => '/Users/samuelbanya/Library/Caches/typescript/4.5/node_modules/@types/cors/index.d.ts'
[13:27:32.588] Adding entry into typings cache: 'cross-spawn' => '/Users/samuelbanya/Library/Caches/typescript/4.5/node_modules/@types/cross-spawn/index.d.ts'
[13:27:32.589] Adding entry into typings cache: 'cryptiles' => '/Users/samuelbanya/Library/Caches/typescript/4.5/node_modules/@types/cryptiles/index.d.ts'
[13:27:32.590] Adding entry into typings cache: 'cssom' => '/Users/samuelbanya/Library/Caches/typescript/4.5/node_modules/@types/cssom/index.d.ts'
[13:27:32.591] Adding entry into typings cache: 'cssstyle' => '/Users/samuelbanya/Library/Caches/typescript/4.5/node_modules/@types/cssstyle/index.d.ts'
[13:27:32.592] Adding entry into typings cache: 'dashdash' => '/Users/samuelbanya/Library/Caches/typescript/4.5/node_modules/@types/dashdash/index.d.ts'
[13:27:32.593] Adding entry into typings cache: 'debug' => '/Users/samuelbanya/Library/Caches/typescript/4.5/node_modules/@types/debug/index.d.ts'
[13:27:32.594] Adding entry into typings cache: 'decode-uri-component' => '/Users/samuelbanya/Library/Caches/typescript/4.5/node_modules/@types/decode-uri-component/index.d.ts'
[13:27:32.595] Adding entry into typings cache: 'deep-extend' => '/Users/samuelbanya/Library/Caches/typescript/4.5/node_modules/@types/deep-extend/index.d.ts'
[13:27:32.596] Adding entry into typings cache: 'define-properties' => '/Users/samuelbanya/Library/Caches/typescript/4.5/node_modules/@types/define-properties/index.d.ts'
[13:27:32.597] Adding entry into typings cache: 'depd' => '/Users/samuelbanya/Library/Caches/typescript/4.5/node_modules/@types/depd/index.d.ts'
[13:27:32.597] Adding entry into typings cache: 'destroy' => '/Users/samuelbanya/Library/Caches/typescript/4.5/node_modules/@types/destroy/index.d.ts'
[13:27:32.598] Adding entry into typings cache: 'diff' => '/Users/samuelbanya/Library/Caches/typescript/4.5/node_modules/@types/diff/index.d.ts'
[13:27:32.599] Adding entry into typings cache: 'duplexer3' => '/Users/samuelbanya/Library/Caches/typescript/4.5/node_modules/@types/duplexer3/index.d.ts'
[13:27:32.600] Adding entry into typings cache: 'ee-first' => '/Users/samuelbanya/Library/Caches/typescript/4.5/node_modules/@types/ee-first/index.d.ts'
[13:27:32.601] Adding entry into typings cache: 'encodeurl' => '/Users/samuelbanya/Library/Caches/typescript/4.5/node_modules/@types/encodeurl/index.d.ts'
[13:27:32.602] Adding entry into typings cache: 'end-of-stream' => '/Users/samuelbanya/Library/Caches/typescript/4.5/node_modules/@types/end-of-stream/index.d.ts'
[13:27:32.603] Adding entry into typings cache: 'errorhandler' => '/Users/samuelbanya/Library/Caches/typescript/4.5/node_modules/@types/errorhandler/index.d.ts'
[13:27:32.604] Adding entry into typings cache: 'es-abstract' => '/Users/samuelbanya/Library/Caches/typescript/4.5/node_modules/@types/es-abstract/index.d.ts'
[13:27:32.605] Adding entry into typings cache: 'es-get-iterator' => '/Users/samuelbanya/Library/Caches/typescript/4.5/node_modules/@types/es-get-iterator/index.d.ts'
[13:27:32.606] Adding entry into typings cache: 'es-to-primitive' => '/Users/samuelbanya/Library/Caches/typescript/4.5/node_modules/@types/es-to-primitive/index.d.ts'
[13:27:32.607] Adding entry into typings cache: 'escape-html' => '/Users/samuelbanya/Library/Caches/typescript/4.5/node_modules/@types/escape-html/index.d.ts'
[13:27:32.608] Adding entry into typings cache: 'escodegen' => '/Users/samuelbanya/Library/Caches/typescript/4.5/node_modules/@types/escodegen/index.d.ts'
[13:27:32.609] Adding entry into typings cache: 'esprima' => '/Users/samuelbanya/Library/Caches/typescript/4.5/node_modules/@types/esprima/index.d.ts'
[13:27:32.611] Adding entry into typings cache: 'estraverse' => '/Users/samuelbanya/Library/Caches/typescript/4.5/node_modules/@types/estraverse/index.d.ts'
[13:27:32.611] Adding entry into typings cache: 'esutils' => '/Users/samuelbanya/Library/Caches/typescript/4.5/node_modules/@types/esutils/index.d.ts'
[13:27:32.612] Adding entry into typings cache: 'etag' => '/Users/samuelbanya/Library/Caches/typescript/4.5/node_modules/@types/etag/index.d.ts'
[13:27:32.614] Adding entry into typings cache: 'express' => '/Users/samuelbanya/Library/Caches/typescript/4.5/node_modules/@types/express/index.d.ts'
[13:27:32.614] Adding entry into typings cache: 'extend' => '/Users/samuelbanya/Library/Caches/typescript/4.5/node_modules/@types/extend/index.d.ts'
[13:27:32.615] Adding entry into typings cache: 'extsprintf' => '/Users/samuelbanya/Library/Caches/typescript/4.5/node_modules/@types/extsprintf/index.d.ts'
[13:27:32.616] Adding entry into typings cache: 'fast-levenshtein' => '/Users/samuelbanya/Library/Caches/typescript/4.5/node_modules/@types/fast-levenshtein/index.d.ts'
[13:27:32.616] Adding entry into typings cache: 'fill-range' => '/Users/samuelbanya/Library/Caches/typescript/4.5/node_modules/@types/fill-range/index.d.ts'
[13:27:32.617] Adding entry into typings cache: 'finalhandler' => '/Users/samuelbanya/Library/Caches/typescript/4.5/node_modules/@types/finalhandler/index.d.ts'
[13:27:32.618] Adding entry into typings cache: 'flat' => '/Users/samuelbanya/Library/Caches/typescript/4.5/node_modules/@types/flat/index.d.ts'
[13:27:32.619] Adding entry into typings cache: 'foreach' => '/Users/samuelbanya/Library/Caches/typescript/4.5/node_modules/@types/foreach/index.d.ts'
[13:27:32.620] Adding entry into typings cache: 'forever-agent' => '/Users/samuelbanya/Library/Caches/typescript/4.5/node_modules/@types/forever-agent/index.d.ts'
[13:27:32.620] Adding entry into typings cache: 'forwarded' => '/Users/samuelbanya/Library/Caches/typescript/4.5/node_modules/@types/forwarded/index.d.ts'
[13:27:32.621] Adding entry into typings cache: 'fresh' => '/Users/samuelbanya/Library/Caches/typescript/4.5/node_modules/@types/fresh/index.d.ts'
[13:27:32.622] Adding entry into typings cache: 'function-bind' => '/Users/samuelbanya/Library/Caches/typescript/4.5/node_modules/@types/function-bind/index.d.ts'
[13:27:32.623] Adding entry into typings cache: 'get-func-name' => '/Users/samuelbanya/Library/Caches/typescript/4.5/node_modules/@types/get-func-name/index.d.ts'
[13:27:32.623] Adding entry into typings cache: 'get-intrinsic' => '/Users/samuelbanya/Library/Caches/typescript/4.5/node_modules/@types/get-intrinsic/index.d.ts'
[13:27:32.624] Adding entry into typings cache: 'get-value' => '/Users/samuelbanya/Library/Caches/typescript/4.5/node_modules/@types/get-value/index.d.ts'
[13:27:32.625] Adding entry into typings cache: 'getpass' => '/Users/samuelbanya/Library/Caches/typescript/4.5/node_modules/@types/getpass/index.d.ts'
[13:27:32.627] Adding entry into typings cache: 'glob' => '/Users/samuelbanya/Library/Caches/typescript/4.5/node_modules/@types/glob/index.d.ts'
[13:27:32.629] Adding entry into typings cache: 'got' => '/Users/samuelbanya/Library/Caches/typescript/4.5/node_modules/@types/got/index.d.ts'
[13:27:32.629] Adding entry into typings cache: 'graceful-fs' => '/Users/samuelbanya/Library/Caches/typescript/4.5/node_modules/@types/graceful-fs/index.d.ts'
[13:27:32.630] Adding entry into typings cache: 'has' => '/Users/samuelbanya/Library/Caches/typescript/4.5/node_modules/@types/has/index.d.ts'
[13:27:32.631] Adding entry into typings cache: 'has-ansi' => '/Users/samuelbanya/Library/Caches/typescript/4.5/node_modules/@types/has-ansi/index.d.ts'
[13:27:32.632] Adding entry into typings cache: 'has-symbols' => '/Users/samuelbanya/Library/Caches/typescript/4.5/node_modules/@types/has-symbols/index.d.ts'
[13:27:32.632] Adding entry into typings cache: 'hawk' => '/Users/samuelbanya/Library/Caches/typescript/4.5/node_modules/@types/hawk/index.d.ts'
[13:27:32.633] Adding entry into typings cache: 'he' => '/Users/samuelbanya/Library/Caches/typescript/4.5/node_modules/@types/he/index.d.ts'
[13:27:32.633] Adding entry into typings cache: 'hoek' => '/Users/samuelbanya/Library/Caches/typescript/4.5/node_modules/@types/hoek/index.d.ts'
[13:27:32.634] Adding entry into typings cache: 'html-encoding-sniffer' => '/Users/samuelbanya/Library/Caches/typescript/4.5/node_modules/@types/html-encoding-sniffer/index.d.ts'
[13:27:32.635] Adding entry into typings cache: 'http-errors' => '/Users/samuelbanya/Library/Caches/typescript/4.5/node_modules/@types/http-errors/index.d.ts'
[13:27:32.635] Adding entry into typings cache: 'imurmurhash' => '/Users/samuelbanya/Library/Caches/typescript/4.5/node_modules/@types/imurmurhash/index.d.ts'
[13:27:32.636] Adding entry into typings cache: 'inherits' => '/Users/samuelbanya/Library/Caches/typescript/4.5/node_modules/@types/inherits/index.d.ts'
[13:27:32.636] Adding entry into typings cache: 'ini' => '/Users/samuelbanya/Library/Caches/typescript/4.5/node_modules/@types/ini/index.d.ts'
[13:27:32.637] Adding entry into typings cache: 'internal-slot' => '/Users/samuelbanya/Library/Caches/typescript/4.5/node_modules/@types/internal-slot/index.d.ts'
[13:27:32.638] Adding entry into typings cache: 'invariant' => '/Users/samuelbanya/Library/Caches/typescript/4.5/node_modules/@types/invariant/index.d.ts'
[13:27:32.638] Adding entry into typings cache: 'is-arguments' => '/Users/samuelbanya/Library/Caches/typescript/4.5/node_modules/@types/is-arguments/index.d.ts'
[13:27:32.639] Adding entry into typings cache: 'is-bigint' => '/Users/samuelbanya/Library/Caches/typescript/4.5/node_modules/@types/is-bigint/index.d.ts'
[13:27:32.640] Adding entry into typings cache: 'is-boolean-object' => '/Users/samuelbanya/Library/Caches/typescript/4.5/node_modules/@types/is-boolean-object/index.d.ts'
[13:27:32.640] Adding entry into typings cache: 'is-buffer' => '/Users/samuelbanya/Library/Caches/typescript/4.5/node_modules/@types/is-buffer/index.d.ts'
[13:27:32.641] Adding entry into typings cache: 'is-callable' => '/Users/samuelbanya/Library/Caches/typescript/4.5/node_modules/@types/is-callable/index.d.ts'
[13:27:32.641] Adding entry into typings cache: 'is-ci' => '/Users/samuelbanya/Library/Caches/typescript/4.5/node_modules/@types/is-ci/index.d.ts'
[13:27:32.642] Adding entry into typings cache: 'is-core-module' => '/Users/samuelbanya/Library/Caches/typescript/4.5/node_modules/@types/is-core-module/index.d.ts'
[13:27:32.642] Adding entry into typings cache: 'is-data-descriptor' => '/Users/samuelbanya/Library/Caches/typescript/4.5/node_modules/@types/is-data-descriptor/index.d.ts'
[13:27:32.643] Adding entry into typings cache: 'is-date-object' => '/Users/samuelbanya/Library/Caches/typescript/4.5/node_modules/@types/is-date-object/index.d.ts'
[13:27:32.643] Adding entry into typings cache: 'is-finite' => '/Users/samuelbanya/Library/Caches/typescript/4.5/node_modules/@types/is-finite/index.d.ts'
[13:27:32.644] Adding entry into typings cache: 'is-generator-function' => '/Users/samuelbanya/Library/Caches/typescript/4.5/node_modules/@types/is-generator-function/index.d.ts'
[13:27:32.645] Adding entry into typings cache: 'is-number' => '/Users/samuelbanya/Library/Caches/typescript/4.5/node_modules/@types/is-number/index.d.ts'
[13:27:32.645] Adding entry into typings cache: 'is-regex' => '/Users/samuelbanya/Library/Caches/typescript/4.5/node_modules/@types/is-regex/index.d.ts'
[13:27:32.646] Adding entry into typings cache: 'is-string' => '/Users/samuelbanya/Library/Caches/typescript/4.5/node_modules/@types/is-string/index.d.ts'
[13:27:32.646] Adding entry into typings cache: 'is-typedarray' => '/Users/samuelbanya/Library/Caches/typescript/4.5/node_modules/@types/is-typedarray/index.d.ts'
[13:27:32.647] Adding entry into typings cache: 'is-windows' => '/Users/samuelbanya/Library/Caches/typescript/4.5/node_modules/@types/is-windows/index.d.ts'
[13:27:32.647] Adding entry into typings cache: 'isarray' => '/Users/samuelbanya/Library/Caches/typescript/4.5/node_modules/@types/isarray/index.d.ts'
[13:27:32.648] Adding entry into typings cache: 'isexe' => '/Users/samuelbanya/Library/Caches/typescript/4.5/node_modules/@types/isexe/index.d.ts'
[13:27:32.648] Adding entry into typings cache: 'isstream' => '/Users/samuelbanya/Library/Caches/typescript/4.5/node_modules/@types/isstream/index.d.ts'
[13:27:32.649] Adding entry into typings cache: 'jju' => '/Users/samuelbanya/Library/Caches/typescript/4.5/node_modules/@types/jju/index.d.ts'
[13:27:32.649] Adding entry into typings cache: 'js-levenshtein' => '/Users/samuelbanya/Library/Caches/typescript/4.5/node_modules/@types/js-levenshtein/index.d.ts'
[13:27:32.650] Adding entry into typings cache: 'js-yaml' => '/Users/samuelbanya/Library/Caches/typescript/4.5/node_modules/@types/js-yaml/index.d.ts'
[13:27:32.650] Adding entry into typings cache: 'jsbn' => '/Users/samuelbanya/Library/Caches/typescript/4.5/node_modules/@types/jsbn/index.d.ts'
[13:27:32.651] Adding entry into typings cache: 'jsdom' => '/Users/samuelbanya/Library/Caches/typescript/4.5/node_modules/@types/jsdom/index.d.ts'
[13:27:32.652] Adding entry into typings cache: 'jsesc' => '/Users/samuelbanya/Library/Caches/typescript/4.5/node_modules/@types/jsesc/index.d.ts'
[13:27:32.653] Adding entry into typings cache: 'json-parse-helpfulerror' => '/Users/samuelbanya/Library/Caches/typescript/4.5/node_modules/@types/json-parse-helpfulerror/index.d.ts'
[13:27:32.654] Adding entry into typings cache: 'json-schema' => '/Users/samuelbanya/Library/Caches/typescript/4.5/node_modules/@types/json-schema/index.d.ts'
[13:27:32.655] Adding entry into typings cache: 'json-server' => '/Users/samuelbanya/Library/Caches/typescript/4.5/node_modules/@types/json-server/index.d.ts'
[13:27:32.656] Adding entry into typings cache: 'json-stable-stringify' => '/Users/samuelbanya/Library/Caches/typescript/4.5/node_modules/@types/json-stable-stringify/index.d.ts'
[13:27:32.656] Adding entry into typings cache: 'json-stringify-safe' => '/Users/samuelbanya/Library/Caches/typescript/4.5/node_modules/@types/json-stringify-safe/index.d.ts'
[13:27:32.657] Adding entry into typings cache: 'kind-of' => '/Users/samuelbanya/Library/Caches/typescript/4.5/node_modules/@types/kind-of/index.d.ts'
[13:27:32.657] Adding entry into typings cache: 'lodash' => '/Users/samuelbanya/Library/Caches/typescript/4.5/node_modules/@types/lodash/index.d.ts'
[13:27:32.658] Adding entry into typings cache: 'lodash.debounce' => '/Users/samuelbanya/Library/Caches/typescript/4.5/node_modules/@types/lodash.debounce/index.d.ts'
[13:27:32.659] Adding entry into typings cache: 'lodash.once' => '/Users/samuelbanya/Library/Caches/typescript/4.5/node_modules/@types/lodash.once/index.d.ts'
[13:27:32.659] Adding entry into typings cache: 'lolex' => '/Users/samuelbanya/Library/Caches/typescript/4.5/node_modules/@types/lolex/index.d.ts'
[13:27:32.660] Adding entry into typings cache: 'lowdb' => '/Users/samuelbanya/Library/Caches/typescript/4.5/node_modules/@types/lowdb/index.d.ts'
[13:27:32.661] Adding entry into typings cache: 'lru-cache' => '/Users/samuelbanya/Library/Caches/typescript/4.5/node_modules/@types/lru-cache/index.d.ts'
[13:27:32.661] Adding entry into typings cache: 'media-typer' => '/Users/samuelbanya/Library/Caches/typescript/4.5/node_modules/@types/media-typer/index.d.ts'
[13:27:32.662] Adding entry into typings cache: 'merge-descriptors' => '/Users/samuelbanya/Library/Caches/typescript/4.5/node_modules/@types/merge-descriptors/index.d.ts'
[13:27:32.662] Adding entry into typings cache: 'method-override' => '/Users/samuelbanya/Library/Caches/typescript/4.5/node_modules/@types/method-override/index.d.ts'
[13:27:32.663] Adding entry into typings cache: 'methods' => '/Users/samuelbanya/Library/Caches/typescript/4.5/node_modules/@types/methods/index.d.ts'
[13:27:32.664] Adding entry into typings cache: 'micromatch' => '/Users/samuelbanya/Library/Caches/typescript/4.5/node_modules/@types/micromatch/index.d.ts'
[13:27:32.665] Adding entry into typings cache: 'mime' => '/Users/samuelbanya/Library/Caches/typescript/4.5/node_modules/@types/mime/index.d.ts'
[13:27:32.666] Adding entry into typings cache: 'mime-db' => '/Users/samuelbanya/Library/Caches/typescript/4.5/node_modules/@types/mime-db/index.d.ts'
[13:27:32.668] Adding entry into typings cache: 'mime-types' => '/Users/samuelbanya/Library/Caches/typescript/4.5/node_modules/@types/mime-types/index.d.ts'
[13:27:32.669] Adding entry into typings cache: 'minimatch' => '/Users/samuelbanya/Library/Caches/typescript/4.5/node_modules/@types/minimatch/index.d.ts'
[13:27:32.669] Adding entry into typings cache: 'minimist' => '/Users/samuelbanya/Library/Caches/typescript/4.5/node_modules/@types/minimist/index.d.ts'
[13:27:32.670] Adding entry into typings cache: 'mkdirp' => '/Users/samuelbanya/Library/Caches/typescript/4.5/node_modules/@types/mkdirp/index.d.ts'
[13:27:32.670] Adding entry into typings cache: 'mocha' => '/Users/samuelbanya/Library/Caches/typescript/4.5/node_modules/@types/mocha/index.d.ts'
[13:27:32.671] Adding entry into typings cache: 'morgan' => '/Users/samuelbanya/Library/Caches/typescript/4.5/node_modules/@types/morgan/index.d.ts'
[13:27:32.671] Adding entry into typings cache: 'ms' => '/Users/samuelbanya/Library/Caches/typescript/4.5/node_modules/@types/ms/index.d.ts'
[13:27:32.672] Adding entry into typings cache: 'negotiator' => '/Users/samuelbanya/Library/Caches/typescript/4.5/node_modules/@types/negotiator/index.d.ts'
[13:27:32.672] Adding entry into typings cache: 'nice-try' => '/Users/samuelbanya/Library/Caches/typescript/4.5/node_modules/@types/nice-try/index.d.ts'
[13:27:32.673] Adding entry into typings cache: 'nise' => '/Users/samuelbanya/Library/Caches/typescript/4.5/node_modules/@types/nise/index.d.ts'
[13:27:32.674] Adding entry into typings cache: 'node-fetch' => '/Users/samuelbanya/Library/Caches/typescript/4.5/node_modules/@types/node-fetch/index.d.ts'
[13:27:32.674] Adding entry into typings cache: 'number-is-nan' => '/Users/samuelbanya/Library/Caches/typescript/4.5/node_modules/@types/number-is-nan/index.d.ts'
[13:27:32.674] Adding entry into typings cache: 'nwmatcher' => '/Users/samuelbanya/Library/Caches/typescript/4.5/node_modules/@types/nwmatcher/index.d.ts'
[13:27:32.675] Adding entry into typings cache: 'object-assign' => '/Users/samuelbanya/Library/Caches/typescript/4.5/node_modules/@types/object-assign/index.d.ts'
[13:27:32.675] Adding entry into typings cache: 'object-inspect' => '/Users/samuelbanya/Library/Caches/typescript/4.5/node_modules/@types/object-inspect/index.d.ts'
[13:27:32.676] Adding entry into typings cache: 'object-keys' => '/Users/samuelbanya/Library/Caches/typescript/4.5/node_modules/@types/object-keys/index.d.ts'
[13:27:32.676] Adding entry into typings cache: 'object.getownpropertydescriptors' => '/Users/samuelbanya/Library/Caches/typescript/4.5/node_modules/@types/object.getownpropertydescriptors/index.d.ts'
[13:27:32.676] Adding entry into typings cache: 'object.pick' => '/Users/samuelbanya/Library/Caches/typescript/4.5/node_modules/@types/object.pick/index.d.ts'
[13:27:32.677] Adding entry into typings cache: 'on-finished' => '/Users/samuelbanya/Library/Caches/typescript/4.5/node_modules/@types/on-finished/index.d.ts'
[13:27:32.678] Adding entry into typings cache: 'on-headers' => '/Users/samuelbanya/Library/Caches/typescript/4.5/node_modules/@types/on-headers/index.d.ts'
[13:27:32.678] Adding entry into typings cache: 'once' => '/Users/samuelbanya/Library/Caches/typescript/4.5/node_modules/@types/once/index.d.ts'
[13:27:32.679] Adding entry into typings cache: 'os-homedir' => '/Users/samuelbanya/Library/Caches/typescript/4.5/node_modules/@types/os-homedir/index.d.ts'
[13:27:32.680] Adding entry into typings cache: 'os-tmpdir' => '/Users/samuelbanya/Library/Caches/typescript/4.5/node_modules/@types/os-tmpdir/index.d.ts'
[13:27:32.680] Adding entry into typings cache: 'parse5' => '/Users/samuelbanya/Library/Caches/typescript/4.5/node_modules/@types/parse5/index.d.ts'
[13:27:32.681] Adding entry into typings cache: 'parseurl' => '/Users/samuelbanya/Library/Caches/typescript/4.5/node_modules/@types/parseurl/index.d.ts'
[13:27:32.681] Adding entry into typings cache: 'pascalcase' => '/Users/samuelbanya/Library/Caches/typescript/4.5/node_modules/@types/pascalcase/index.d.ts'
[13:27:32.681] Adding entry into typings cache: 'path-is-absolute' => '/Users/samuelbanya/Library/Caches/typescript/4.5/node_modules/@types/path-is-absolute/index.d.ts'
[13:27:32.682] Adding entry into typings cache: 'path-is-inside' => '/Users/samuelbanya/Library/Caches/typescript/4.5/node_modules/@types/path-is-inside/index.d.ts'
[13:27:32.682] Adding entry into typings cache: 'path-parse' => '/Users/samuelbanya/Library/Caches/typescript/4.5/node_modules/@types/path-parse/index.d.ts'
[13:27:32.683] Adding entry into typings cache: 'pathval' => '/Users/samuelbanya/Library/Caches/typescript/4.5/node_modules/@types/pathval/index.d.ts'
[13:27:32.683] Adding entry into typings cache: 'pify' => '/Users/samuelbanya/Library/Caches/typescript/4.5/node_modules/@types/pify/index.d.ts'
[13:27:32.684] Adding entry into typings cache: 'pluralize' => '/Users/samuelbanya/Library/Caches/typescript/4.5/node_modules/@types/pluralize/index.d.ts'
[13:27:32.684] Adding entry into typings cache: 'prelude-ls' => '/Users/samuelbanya/Library/Caches/typescript/4.5/node_modules/@types/prelude-ls/index.d.ts'
[13:27:32.685] Adding entry into typings cache: 'proxy-addr' => '/Users/samuelbanya/Library/Caches/typescript/4.5/node_modules/@types/proxy-addr/index.d.ts'
[13:27:32.686] Adding entry into typings cache: 'psl' => '/Users/samuelbanya/Library/Caches/typescript/4.5/node_modules/@types/psl/index.d.ts'
[13:27:32.686] Adding entry into typings cache: 'pump' => '/Users/samuelbanya/Library/Caches/typescript/4.5/node_modules/@types/pump/index.d.ts'
[13:27:32.686] Adding entry into typings cache: 'punycode' => '/Users/samuelbanya/Library/Caches/typescript/4.5/node_modules/@types/punycode/index.d.ts'
[13:27:32.687] Adding entry into typings cache: 'qs' => '/Users/samuelbanya/Library/Caches/typescript/4.5/node_modules/@types/qs/index.d.ts'
[13:27:32.688] Adding entry into typings cache: 'range-parser' => '/Users/samuelbanya/Library/Caches/typescript/4.5/node_modules/@types/range-parser/index.d.ts'
[13:27:32.688] Adding entry into typings cache: 'rc' => '/Users/samuelbanya/Library/Caches/typescript/4.5/node_modules/@types/rc/index.d.ts'
[13:27:32.689] Adding entry into typings cache: 'react-is' => '/Users/samuelbanya/Library/Caches/typescript/4.5/node_modules/@types/react-is/index.d.ts'
[13:27:32.689] Adding entry into typings cache: 'regenerate' => '/Users/samuelbanya/Library/Caches/typescript/4.5/node_modules/@types/regenerate/index.d.ts'
[13:27:32.689] Adding entry into typings cache: 'regenerator-runtime' => '/Users/samuelbanya/Library/Caches/typescript/4.5/node_modules/@types/regenerator-runtime/index.d.ts'
[13:27:32.690] Adding entry into typings cache: 'regex-not' => '/Users/samuelbanya/Library/Caches/typescript/4.5/node_modules/@types/regex-not/index.d.ts'
[13:27:32.690] Adding entry into typings cache: 'registry-auth-token' => '/Users/samuelbanya/Library/Caches/typescript/4.5/node_modules/@types/registry-auth-token/index.d.ts'
[13:27:32.691] Adding entry into typings cache: 'repeat-element' => '/Users/samuelbanya/Library/Caches/typescript/4.5/node_modules/@types/repeat-element/index.d.ts'
[13:27:32.691] Adding entry into typings cache: 'repeat-string' => '/Users/samuelbanya/Library/Caches/typescript/4.5/node_modules/@types/repeat-string/index.d.ts'
[13:27:32.692] Adding entry into typings cache: 'repeating' => '/Users/samuelbanya/Library/Caches/typescript/4.5/node_modules/@types/repeating/index.d.ts'
[13:27:32.692] Adding entry into typings cache: 'request' => '/Users/samuelbanya/Library/Caches/typescript/4.5/node_modules/@types/request/index.d.ts'
[13:27:32.693] Adding entry into typings cache: 'require-directory' => '/Users/samuelbanya/Library/Caches/typescript/4.5/node_modules/@types/require-directory/index.d.ts'
[13:27:32.693] Adding entry into typings cache: 'resolve' => '/Users/samuelbanya/Library/Caches/typescript/4.5/node_modules/@types/resolve/index.d.ts'
[13:27:32.694] Adding entry into typings cache: 'safe-regex' => '/Users/samuelbanya/Library/Caches/typescript/4.5/node_modules/@types/safe-regex/index.d.ts'
[13:27:32.694] Adding entry into typings cache: 'safer-buffer' => '/Users/samuelbanya/Library/Caches/typescript/4.5/node_modules/@types/safer-buffer/index.d.ts'
[13:27:32.694] Adding entry into typings cache: 'sax' => '/Users/samuelbanya/Library/Caches/typescript/4.5/node_modules/@types/sax/index.d.ts'
[13:27:32.695] Adding entry into typings cache: 'semver' => '/Users/samuelbanya/Library/Caches/typescript/4.5/node_modules/@types/semver/index.d.ts'
[13:27:32.695] Adding entry into typings cache: 'semver-compare' => '/Users/samuelbanya/Library/Caches/typescript/4.5/node_modules/@types/semver-compare/index.d.ts'
[13:27:32.696] Adding entry into typings cache: 'send' => '/Users/samuelbanya/Library/Caches/typescript/4.5/node_modules/@types/send/index.d.ts'
[13:27:32.696] Adding entry into typings cache: 'serve-static' => '/Users/samuelbanya/Library/Caches/typescript/4.5/node_modules/@types/serve-static/index.d.ts'
[13:27:32.697] Adding entry into typings cache: 'server-destroy' => '/Users/samuelbanya/Library/Caches/typescript/4.5/node_modules/@types/server-destroy/index.d.ts'
[13:27:32.697] Adding entry into typings cache: 'set-value' => '/Users/samuelbanya/Library/Caches/typescript/4.5/node_modules/@types/set-value/index.d.ts'
[13:27:32.697] Adding entry into typings cache: 'shebang-command' => '/Users/samuelbanya/Library/Caches/typescript/4.5/node_modules/@types/shebang-command/index.d.ts'
[13:27:32.698] Adding entry into typings cache: 'signal-exit' => '/Users/samuelbanya/Library/Caches/typescript/4.5/node_modules/@types/signal-exit/index.d.ts'
[13:27:32.698] Adding entry into typings cache: 'sinon' => '/Users/samuelbanya/Library/Caches/typescript/4.5/node_modules/@types/sinon/index.d.ts'
[13:27:32.699] Adding entry into typings cache: 'sinon-stub-promise' => '/Users/samuelbanya/Library/Caches/typescript/4.5/node_modules/@types/sinon-stub-promise/index.d.ts'
[13:27:32.700] Adding entry into typings cache: 'sntp' => '/Users/samuelbanya/Library/Caches/typescript/4.5/node_modules/@types/sntp/index.d.ts'
[13:27:32.700] Adding entry into typings cache: 'source-map-support' => '/Users/samuelbanya/Library/Caches/typescript/4.5/node_modules/@types/source-map-support/index.d.ts'
[13:27:32.701] Adding entry into typings cache: 'sprintf' => '/Users/samuelbanya/Library/Caches/typescript/4.5/node_modules/@types/sprintf/index.d.ts'
[13:27:32.702] Adding entry into typings cache: 'sprintf-js' => '/Users/samuelbanya/Library/Caches/typescript/4.5/node_modules/@types/sprintf-js/index.d.ts'
[13:27:32.702] Adding entry into typings cache: 'sshpk' => '/Users/samuelbanya/Library/Caches/typescript/4.5/node_modules/@types/sshpk/index.d.ts'
[13:27:32.703] Adding entry into typings cache: 'stack-utils' => '/Users/samuelbanya/Library/Caches/typescript/4.5/node_modules/@types/stack-utils/index.d.ts'
[13:27:32.703] Adding entry into typings cache: 'statuses' => '/Users/samuelbanya/Library/Caches/typescript/4.5/node_modules/@types/statuses/index.d.ts'
[13:27:32.704] Adding entry into typings cache: 'supports-color' => '/Users/samuelbanya/Library/Caches/typescript/4.5/node_modules/@types/supports-color/index.d.ts'
[13:27:32.705] Adding entry into typings cache: 'symbol-tree' => '/Users/samuelbanya/Library/Caches/typescript/4.5/node_modules/@types/symbol-tree/index.d.ts'
[13:27:32.706] Adding entry into typings cache: 'to-regex' => '/Users/samuelbanya/Library/Caches/typescript/4.5/node_modules/@types/to-regex/index.d.ts'
[13:27:32.707] Adding entry into typings cache: 'to-regex-range' => '/Users/samuelbanya/Library/Caches/typescript/4.5/node_modules/@types/to-regex-range/index.d.ts'
[13:27:32.707] Adding entry into typings cache: 'tough-cookie' => '/Users/samuelbanya/Library/Caches/typescript/4.5/node_modules/@types/tough-cookie/index.d.ts'
[13:27:32.708] Adding entry into typings cache: 'type-check' => '/Users/samuelbanya/Library/Caches/typescript/4.5/node_modules/@types/type-check/index.d.ts'
[13:27:32.708] Adding entry into typings cache: 'type-detect' => '/Users/samuelbanya/Library/Caches/typescript/4.5/node_modules/@types/type-detect/index.d.ts'
[13:27:32.709] Adding entry into typings cache: 'type-is' => '/Users/samuelbanya/Library/Caches/typescript/4.5/node_modules/@types/type-is/index.d.ts'
[13:27:32.709] Adding entry into typings cache: 'update-notifier' => '/Users/samuelbanya/Library/Caches/typescript/4.5/node_modules/@types/update-notifier/index.d.ts'
[13:27:32.710] Adding entry into typings cache: 'urix' => '/Users/samuelbanya/Library/Caches/typescript/4.5/node_modules/@types/urix/index.d.ts'
[13:27:32.710] Adding entry into typings cache: 'url-parse-lax' => '/Users/samuelbanya/Library/Caches/typescript/4.5/node_modules/@types/url-parse-lax/index.d.ts'
[13:27:32.711] Adding entry into typings cache: 'utils-merge' => '/Users/samuelbanya/Library/Caches/typescript/4.5/node_modules/@types/utils-merge/index.d.ts'
[13:27:32.711] Adding entry into typings cache: 'uuid' => '/Users/samuelbanya/Library/Caches/typescript/4.5/node_modules/@types/uuid/index.d.ts'
[13:27:32.712] Adding entry into typings cache: 'vary' => '/Users/samuelbanya/Library/Caches/typescript/4.5/node_modules/@types/vary/index.d.ts'
[13:27:32.712] Adding entry into typings cache: 'verror' => '/Users/samuelbanya/Library/Caches/typescript/4.5/node_modules/@types/verror/index.d.ts'
[13:27:32.713] Adding entry into typings cache: 'webidl-conversions' => '/Users/samuelbanya/Library/Caches/typescript/4.5/node_modules/@types/webidl-conversions/index.d.ts'
[13:27:32.713] Adding entry into typings cache: 'whatwg-encoding' => '/Users/samuelbanya/Library/Caches/typescript/4.5/node_modules/@types/whatwg-encoding/index.d.ts'
[13:27:32.714] Adding entry into typings cache: 'whatwg-url' => '/Users/samuelbanya/Library/Caches/typescript/4.5/node_modules/@types/whatwg-url/index.d.ts'
[13:27:32.714] Adding entry into typings cache: 'which' => '/Users/samuelbanya/Library/Caches/typescript/4.5/node_modules/@types/which/index.d.ts'
[13:27:32.715] Adding entry into typings cache: 'wordwrap' => '/Users/samuelbanya/Library/Caches/typescript/4.5/node_modules/@types/wordwrap/index.d.ts'
[13:27:32.716] Adding entry into typings cache: 'wrap-ansi' => '/Users/samuelbanya/Library/Caches/typescript/4.5/node_modules/@types/wrap-ansi/index.d.ts'
[13:27:32.716] Adding entry into typings cache: 'write-file-atomic' => '/Users/samuelbanya/Library/Caches/typescript/4.5/node_modules/@types/write-file-atomic/index.d.ts'
[13:27:32.717] Adding entry into typings cache: 'xml-name-validator' => '/Users/samuelbanya/Library/Caches/typescript/4.5/node_modules/@types/xml-name-validator/index.d.ts'
[13:27:32.717] Adding entry into typings cache: 'yallist' => '/Users/samuelbanya/Library/Caches/typescript/4.5/node_modules/@types/yallist/index.d.ts'
[13:27:32.718] Adding entry into typings cache: 'yargs' => '/Users/samuelbanya/Library/Caches/typescript/4.5/node_modules/@types/yargs/index.d.ts'
[13:27:32.718] Adding entry into typings cache: 'yargs-parser' => '/Users/samuelbanya/Library/Caches/typescript/4.5/node_modules/@types/yargs-parser/index.d.ts'
[13:27:32.719] Adding entry into typings cache: 'yargs-unparser' => '/Users/samuelbanya/Library/Caches/typescript/4.5/node_modules/@types/yargs-unparser/index.d.ts'
[13:27:32.719] Finished processing cache location '/Users/samuelbanya/Library/Caches/typescript/4.5'
[13:27:32.719] Process id: 14649
[13:27:32.719] NPM location: /Users/samuelbanya/.nvm/versions/node/v16.14.2/bin/npm (explicit '--npmLocation' not  provided)
[13:27:32.720] validateDefaultNpmLocation: false
[13:27:32.720] Npm config file: /Users/samuelbanya/Library/Caches/typescript/4.5/package.json
[13:27:32.720] Updating types-registry npm package...
[13:27:32.720] Exec: /Users/samuelbanya/.nvm/versions/node/v16.14.2/bin/npm install --ignore-scripts types-registry@latest
[13:27:33.719]     Succeeded. stdout:
    
    up to date, audited 298 packages in 775ms

4 packages are looking for funding
  run `npm fund` for details

found 0 vulnerabilities

[13:27:33.719] Updated types-registry npm package
[13:27:33.752] Got install request {"projectName":"/dev/null/inferredProject1*","fileNames":["/usr/local/lib/node_modules/typescript/lib/lib.es5.d.ts","/usr/local/lib/node_modules/typescript/lib/lib.es2015.d.ts","/usr/local/lib/node_modules/typescript/lib/lib.es2016.d.ts","/usr/local/lib/node_modules/typescript/lib/lib.dom.d.ts","/usr/local/lib/node_modules/typescript/lib/lib.dom.iterable.d.ts","/usr/local/lib/node_modules/typescript/lib/lib.webworker.importscripts.d.ts","/usr/local/lib/node_modules/typescript/lib/lib.scripthost.d.ts","/usr/local/lib/node_modules/typescript/lib/lib.es2015.core.d.ts","/usr/local/lib/node_modules/typescript/lib/lib.es2015.collection.d.ts","/usr/local/lib/node_modules/typescript/lib/lib.es2015.generator.d.ts","/usr/local/lib/node_modules/typescript/lib/lib.es2015.iterable.d.ts","/usr/local/lib/node_modules/typescript/lib/lib.es2015.promise.d.ts","/usr/local/lib/node_modules/typescript/lib/lib.es2015.proxy.d.ts","/usr/local/lib/node_modules/typescript/lib/lib.es2015.reflect.d.ts","/usr/local/lib/node_modules/typescript/lib/lib.es2015.symbol.d.ts","/usr/local/lib/node_modules/typescript/lib/lib.es2015.symbol.wellknown.d.ts","/usr/local/lib/node_modules/typescript/lib/lib.es2016.array.include.d.ts","/usr/local/lib/node_modules/typescript/lib/lib.es2016.full.d.ts","/Users/samuelbanya/hub/Development/code/phase-1/Meowser/src/js/meowser.js"],"compilerOptions":{"module":1,"target":3,"jsx":1,"allowJs":true,"allowSyntheticDefaultImports":true,"allowNonTsExtensions":true,"noEmitForJsFiles":true,"maxNodeModuleJsDepth":2},"typeAcquisition":{"enable":true,"include":[],"exclude":[]},"unresolvedImports":[],"projectRootPath":"/Users/samuelbanya/hub/Development/code/phase-1/Meowser/src/js","kind":"discover"}
[13:27:33.760] Loaded safelist from types map file '/usr/local/lib/node_modules/typescript/lib/typesmap.json'
[13:27:33.761] Explicitly included types: []
[13:27:33.762] Inferred typings from unresolved imports: []
[13:27:33.763] Result: {"cachedTypingPaths":[],"newTypingNames":[],"filesToWatch":["/Users/samuelbanya/hub/Development/code/phase-1/Meowser/src/js/bower_components","/Users/samuelbanya/hub/Development/code/phase-1/Meowser/src/js/node_modules"]}
[13:27:33.763] Finished typings discovery: {"cachedTypingPaths":[],"newTypingNames":[],"filesToWatch":["/Users/samuelbanya/hub/Development/code/phase-1/Meowser/src/js/bower_components","/Users/samuelbanya/hub/Development/code/phase-1/Meowser/src/js/node_modules"]}
[13:27:33.764] DirectoryWatcher:: Added:: WatchInfo: /Users/samuelbanya/hub/Development/code/phase-1/Meowser/src/js/bower_components
[13:27:33.764] DirectoryWatcher:: Added:: WatchInfo: /Users/samuelbanya/hub/Development/code/phase-1/Meowser/src/js/bower_components 1 undefined Project: /dev/null/inferredProject1* watcher already invoked: false
[13:27:33.766] Elapsed:: 1.3685829997994006ms DirectoryWatcher:: Added:: WatchInfo: /Users/samuelbanya/hub/Development/code/phase-1/Meowser/src/js/bower_components 1 undefined Project: /dev/null/inferredProject1* watcher already invoked: false
[13:27:33.766] DirectoryWatcher:: Added:: WatchInfo: /Users/samuelbanya/hub/Development/code/phase-1/Meowser/src/js/node_modules
[13:27:33.766] DirectoryWatcher:: Added:: WatchInfo: /Users/samuelbanya/hub/Development/code/phase-1/Meowser/src/js/node_modules 1 undefined Project: /dev/null/inferredProject1* watcher already invoked: false
[13:27:33.767] Elapsed:: 0.15778400003910065ms DirectoryWatcher:: Added:: WatchInfo: /Users/samuelbanya/hub/Development/code/phase-1/Meowser/src/js/node_modules 1 undefined Project: /dev/null/inferredProject1* watcher already invoked: false
[13:27:33.767] Sending response:
    {"projectName":"/dev/null/inferredProject1*","typeAcquisition":{"enable":true,"include":[],"exclude":[]},"compilerOptions":{"module":1,"target":3,"jsx":1,"allowJs":true,"allowSyntheticDefaultImports":true,"allowNonTsExtensions":true,"noEmitForJsFiles":true,"maxNodeModuleJsDepth":2},"typings":[],"unresolvedImports":[],"kind":"action::set"}
[13:27:33.768] Response has been sent.
[13:27:33.768] No new typings were requested as a result of typings discovery
[13:34:05.342] Got install request {"projectName":"/dev/null/inferredProject1*","fileNames":["/usr/local/lib/node_modules/typescript/lib/lib.es5.d.ts","/usr/local/lib/node_modules/typescript/lib/lib.es2015.d.ts","/usr/local/lib/node_modules/typescript/lib/lib.es2016.d.ts","/usr/local/lib/node_modules/typescript/lib/lib.dom.d.ts","/usr/local/lib/node_modules/typescript/lib/lib.dom.iterable.d.ts","/usr/local/lib/node_modules/typescript/lib/lib.webworker.importscripts.d.ts","/usr/local/lib/node_modules/typescript/lib/lib.scripthost.d.ts","/usr/local/lib/node_modules/typescript/lib/lib.es2015.core.d.ts","/usr/local/lib/node_modules/typescript/lib/lib.es2015.collection.d.ts","/usr/local/lib/node_modules/typescript/lib/lib.es2015.generator.d.ts","/usr/local/lib/node_modules/typescript/lib/lib.es2015.iterable.d.ts","/usr/local/lib/node_modules/typescript/lib/lib.es2015.promise.d.ts","/usr/local/lib/node_modules/typescript/lib/lib.es2015.proxy.d.ts","/usr/local/lib/node_modules/typescript/lib/lib.es2015.reflect.d.ts","/usr/local/lib/node_modules/typescript/lib/lib.es2015.symbol.d.ts","/usr/local/lib/node_modules/typescript/lib/lib.es2015.symbol.wellknown.d.ts","/usr/local/lib/node_modules/typescript/lib/lib.es2016.array.include.d.ts","/usr/local/lib/node_modules/typescript/lib/lib.es2016.full.d.ts","/Users/samuelbanya/hub/Development/code/phase-1/Meowser/src/js/meowser.js"],"compilerOptions":{"module":1,"target":3,"jsx":1,"allowJs":true,"allowSyntheticDefaultImports":true,"allowNonTsExtensions":true,"noEmitForJsFiles":true,"maxNodeModuleJsDepth":2},"typeAcquisition":{"enable":true,"include":[],"exclude":[]},"unresolvedImports":[""],"projectRootPath":"/Users/samuelbanya/hub/Development/code/phase-1/Meowser/src/js","kind":"discover"}
[13:34:05.343] Explicitly included types: []
[13:34:05.343] Inferred typings from unresolved imports: [""]
[13:34:05.343] Result: {"cachedTypingPaths":[],"newTypingNames":[""],"filesToWatch":["/Users/samuelbanya/hub/Development/code/phase-1/Meowser/src/js/bower_components","/Users/samuelbanya/hub/Development/code/phase-1/Meowser/src/js/node_modules"]}
[13:34:05.344] Finished typings discovery: {"cachedTypingPaths":[],"newTypingNames":[""],"filesToWatch":["/Users/samuelbanya/hub/Development/code/phase-1/Meowser/src/js/bower_components","/Users/samuelbanya/hub/Development/code/phase-1/Meowser/src/js/node_modules"]}
[13:34:05.344] Installing typings [""]
[13:34:05.345] '':: Package name '' cannot be empty
[13:34:05.345] All typings are known to be missing or invalid - no need to install more typings
[13:34:05.345] Sending response:
    {"projectName":"/dev/null/inferredProject1*","typeAcquisition":{"enable":true,"include":[],"exclude":[]},"compilerOptions":{"module":1,"target":3,"jsx":1,"allowJs":true,"allowSyntheticDefaultImports":true,"allowNonTsExtensions":true,"noEmitForJsFiles":true,"maxNodeModuleJsDepth":2},"typings":[],"unresolvedImports":[""],"kind":"action::set"}
[13:34:05.345] Response has been sent.
[13:34:07.630] Got install request {"projectName":"/dev/null/inferredProject1*","fileNames":["/usr/local/lib/node_modules/typescript/lib/lib.es5.d.ts","/usr/local/lib/node_modules/typescript/lib/lib.es2015.d.ts","/usr/local/lib/node_modules/typescript/lib/lib.es2016.d.ts","/usr/local/lib/node_modules/typescript/lib/lib.dom.d.ts","/usr/local/lib/node_modules/typescript/lib/lib.dom.iterable.d.ts","/usr/local/lib/node_modules/typescript/lib/lib.webworker.importscripts.d.ts","/usr/local/lib/node_modules/typescript/lib/lib.scripthost.d.ts","/usr/local/lib/node_modules/typescript/lib/lib.es2015.core.d.ts","/usr/local/lib/node_modules/typescript/lib/lib.es2015.collection.d.ts","/usr/local/lib/node_modules/typescript/lib/lib.es2015.generator.d.ts","/usr/local/lib/node_modules/typescript/lib/lib.es2015.iterable.d.ts","/usr/local/lib/node_modules/typescript/lib/lib.es2015.promise.d.ts","/usr/local/lib/node_modules/typescript/lib/lib.es2015.proxy.d.ts","/usr/local/lib/node_modules/typescript/lib/lib.es2015.reflect.d.ts","/usr/local/lib/node_modules/typescript/lib/lib.es2015.symbol.d.ts","/usr/local/lib/node_modules/typescript/lib/lib.es2015.symbol.wellknown.d.ts","/usr/local/lib/node_modules/typescript/lib/lib.es2016.array.include.d.ts","/usr/local/lib/node_modules/typescript/lib/lib.es2016.full.d.ts","/Users/samuelbanya/hub/Development/code/phase-1/Meowser/src/js/meowser.js"],"compilerOptions":{"module":1,"target":3,"jsx":1,"allowJs":true,"allowSyntheticDefaultImports":true,"allowNonTsExtensions":true,"noEmitForJsFiles":true,"maxNodeModuleJsDepth":2},"typeAcquisition":{"enable":true,"include":[],"exclude":[]},"unresolvedImports":["dot"],"projectRootPath":"/Users/samuelbanya/hub/Development/code/phase-1/Meowser/src/js","kind":"discover"}
[13:34:07.631] Explicitly included types: []
[13:34:07.632] Inferred typings from unresolved imports: ["dot"]
[13:34:07.632] Result: {"cachedTypingPaths":[],"newTypingNames":["dot"],"filesToWatch":["/Users/samuelbanya/hub/Development/code/phase-1/Meowser/src/js/bower_components","/Users/samuelbanya/hub/Development/code/phase-1/Meowser/src/js/node_modules"]}
[13:34:07.632] Finished typings discovery: {"cachedTypingPaths":[],"newTypingNames":["dot"],"filesToWatch":["/Users/samuelbanya/hub/Development/code/phase-1/Meowser/src/js/bower_components","/Users/samuelbanya/hub/Development/code/phase-1/Meowser/src/js/node_modules"]}
[13:34:07.633] Installing typings ["dot"]
[13:34:07.633] Npm config file: /Users/samuelbanya/Library/Caches/typescript/4.5/package.json
[13:34:07.634] Sending response:
    {"kind":"event::beginInstallTypes","eventId":1,"typingsInstallerVersion":"4.5.4","projectName":"/dev/null/inferredProject1*"}
[13:34:07.634] Response has been sent.
[13:34:07.635] #1 with arguments'["@types/dot@ts4.5"]'.
[13:34:07.636] Exec: /Users/samuelbanya/.nvm/versions/node/v16.14.2/bin/npm install --ignore-scripts @types/dot@ts4.5 --save-dev --user-agent="typesInstaller/4.5.4"
[13:34:09.566]     Succeeded. stdout:
    
    added 1 package, and audited 299 packages in 2s

4 packages are looking for funding
  run `npm fund` for details

found 0 vulnerabilities

[13:34:09.566] npm install #1 took: 1931 ms
[13:34:09.567] Installed typings ["@types/dot@ts4.5"]
[13:34:09.568] Installed typing files ["/Users/samuelbanya/Library/Caches/typescript/4.5/node_modules/@types/dot/index.d.ts"]
[13:34:09.569] Sending response:
    {"projectName":"/dev/null/inferredProject1*","typeAcquisition":{"enable":true,"include":[],"exclude":[]},"compilerOptions":{"module":1,"target":3,"jsx":1,"allowJs":true,"allowSyntheticDefaultImports":true,"allowNonTsExtensions":true,"noEmitForJsFiles":true,"maxNodeModuleJsDepth":2},"typings":["/Users/samuelbanya/Library/Caches/typescript/4.5/node_modules/@types/dot/index.d.ts"],"unresolvedImports":["dot"],"kind":"action::set"}
[13:34:09.569] Response has been sent.
[13:34:09.570] Sending response:
    {"kind":"event::endInstallTypes","eventId":1,"projectName":"/dev/null/inferredProject1*","packagesToInstall":["@types/dot@ts4.5"],"installSuccess":true,"typingsInstallerVersion":"4.5.4"}
[13:34:09.570] Response has been sent.
[13:34:09.570] Got install request {"projectName":"/dev/null/inferredProject1*","fileNames":["/usr/local/lib/node_modules/typescript/lib/lib.es5.d.ts","/usr/local/lib/node_modules/typescript/lib/lib.es2015.d.ts","/usr/local/lib/node_modules/typescript/lib/lib.es2016.d.ts","/usr/local/lib/node_modules/typescript/lib/lib.dom.d.ts","/usr/local/lib/node_modules/typescript/lib/lib.dom.iterable.d.ts","/usr/local/lib/node_modules/typescript/lib/lib.webworker.importscripts.d.ts","/usr/local/lib/node_modules/typescript/lib/lib.scripthost.d.ts","/usr/local/lib/node_modules/typescript/lib/lib.es2015.core.d.ts","/usr/local/lib/node_modules/typescript/lib/lib.es2015.collection.d.ts","/usr/local/lib/node_modules/typescript/lib/lib.es2015.generator.d.ts","/usr/local/lib/node_modules/typescript/lib/lib.es2015.iterable.d.ts","/usr/local/lib/node_modules/typescript/lib/lib.es2015.promise.d.ts","/usr/local/lib/node_modules/typescript/lib/lib.es2015.proxy.d.ts","/usr/local/lib/node_modules/typescript/lib/lib.es2015.reflect.d.ts","/usr/local/lib/node_modules/typescript/lib/lib.es2015.symbol.d.ts","/usr/local/lib/node_modules/typescript/lib/lib.es2015.symbol.wellknown.d.ts","/usr/local/lib/node_modules/typescript/lib/lib.es2016.array.include.d.ts","/usr/local/lib/node_modules/typescript/lib/lib.es2016.full.d.ts","/Users/samuelbanya/hub/Development/code/phase-1/Meowser/src/js/meowser.js"],"compilerOptions":{"module":1,"target":3,"jsx":1,"allowJs":true,"allowSyntheticDefaultImports":true,"allowNonTsExtensions":true,"noEmitForJsFiles":true,"maxNodeModuleJsDepth":2},"typeAcquisition":{"enable":true,"include":[],"exclude":[]},"unresolvedImports":["dotenv"],"projectRootPath":"/Users/samuelbanya/hub/Development/code/phase-1/Meowser/src/js","kind":"discover"}
[13:34:09.571] Explicitly included types: []
[13:34:09.571] Inferred typings from unresolved imports: ["dotenv"]
[13:34:09.571] Result: {"cachedTypingPaths":[],"newTypingNames":["dotenv"],"filesToWatch":["/Users/samuelbanya/hub/Development/code/phase-1/Meowser/src/js/bower_components","/Users/samuelbanya/hub/Development/code/phase-1/Meowser/src/js/node_modules"]}
[13:34:09.571] Finished typings discovery: {"cachedTypingPaths":[],"newTypingNames":["dotenv"],"filesToWatch":["/Users/samuelbanya/hub/Development/code/phase-1/Meowser/src/js/bower_components","/Users/samuelbanya/hub/Development/code/phase-1/Meowser/src/js/node_modules"]}
[13:34:09.572] Installing typings ["dotenv"]
[13:34:09.572] 'dotenv':: Entry for package 'dotenv' does not exist in local types registry - skipping...
[13:34:09.572] All typings are known to be missing or invalid - no need to install more typings
[13:34:09.572] Sending response:
    {"projectName":"/dev/null/inferredProject1*","typeAcquisition":{"enable":true,"include":[],"exclude":[]},"compilerOptions":{"module":1,"target":3,"jsx":1,"allowJs":true,"allowSyntheticDefaultImports":true,"allowNonTsExtensions":true,"noEmitForJsFiles":true,"maxNodeModuleJsDepth":2},"typings":[],"unresolvedImports":["dotenv"],"kind":"action::set"}
[13:34:09.573] Response has been sent.
[13:35:03.799] Got install request {"projectName":"/dev/null/inferredProject1*","fileNames":["/usr/local/lib/node_modules/typescript/lib/lib.es5.d.ts","/usr/local/lib/node_modules/typescript/lib/lib.es2015.d.ts","/usr/local/lib/node_modules/typescript/lib/lib.es2016.d.ts","/usr/local/lib/node_modules/typescript/lib/lib.dom.d.ts","/usr/local/lib/node_modules/typescript/lib/lib.dom.iterable.d.ts","/usr/local/lib/node_modules/typescript/lib/lib.webworker.importscripts.d.ts","/usr/local/lib/node_modules/typescript/lib/lib.scripthost.d.ts","/usr/local/lib/node_modules/typescript/lib/lib.es2015.core.d.ts","/usr/local/lib/node_modules/typescript/lib/lib.es2015.collection.d.ts","/usr/local/lib/node_modules/typescript/lib/lib.es2015.generator.d.ts","/usr/local/lib/node_modules/typescript/lib/lib.es2015.iterable.d.ts","/usr/local/lib/node_modules/typescript/lib/lib.es2015.promise.d.ts","/usr/local/lib/node_modules/typescript/lib/lib.es2015.proxy.d.ts","/usr/local/lib/node_modules/typescript/lib/lib.es2015.reflect.d.ts","/usr/local/lib/node_modules/typescript/lib/lib.es2015.symbol.d.ts","/usr/local/lib/node_modules/typescript/lib/lib.es2015.symbol.wellknown.d.ts","/usr/local/lib/node_modules/typescript/lib/lib.es2016.array.include.d.ts","/usr/local/lib/node_modules/typescript/lib/lib.es2016.full.d.ts","/Users/samuelbanya/hub/Development/code/phase-1/Meowser/src/js/meowser.js"],"compilerOptions":{"module":1,"target":3,"jsx":1,"allowJs":true,"allowSyntheticDefaultImports":true,"allowNonTsExtensions":true,"noEmitForJsFiles":true,"maxNodeModuleJsDepth":2},"typeAcquisition":{"enable":true,"include":[],"exclude":[]},"unresolvedImports":[],"projectRootPath":"/Users/samuelbanya/hub/Development/code/phase-1/Meowser/src/js","kind":"discover"}
[13:35:03.800] Explicitly included types: []
[13:35:03.802] Inferred typings from unresolved imports: []
[13:35:03.803] Result: {"cachedTypingPaths":[],"newTypingNames":[],"filesToWatch":["/Users/samuelbanya/hub/Development/code/phase-1/Meowser/src/js/bower_components","/Users/samuelbanya/hub/Development/code/phase-1/Meowser/src/js/node_modules"]}
[13:35:03.803] Finished typings discovery: {"cachedTypingPaths":[],"newTypingNames":[],"filesToWatch":["/Users/samuelbanya/hub/Development/code/phase-1/Meowser/src/js/bower_components","/Users/samuelbanya/hub/Development/code/phase-1/Meowser/src/js/node_modules"]}
[13:35:03.804] Sending response:
    {"projectName":"/dev/null/inferredProject1*","typeAcquisition":{"enable":true,"include":[],"exclude":[]},"compilerOptions":{"module":1,"target":3,"jsx":1,"allowJs":true,"allowSyntheticDefaultImports":true,"allowNonTsExtensions":true,"noEmitForJsFiles":true,"maxNodeModuleJsDepth":2},"typings":[],"unresolvedImports":[],"kind":"action::set"}
[13:35:03.804] Response has been sent.
[13:35:03.804] No new typings were requested as a result of typings discovery
[13:38:37.059] Got install request {"projectName":"/dev/null/inferredProject1*","fileNames":["/usr/local/lib/node_modules/typescript/lib/lib.es5.d.ts","/usr/local/lib/node_modules/typescript/lib/lib.es2015.d.ts","/usr/local/lib/node_modules/typescript/lib/lib.es2016.d.ts","/usr/local/lib/node_modules/typescript/lib/lib.dom.d.ts","/usr/local/lib/node_modules/typescript/lib/lib.dom.iterable.d.ts","/usr/local/lib/node_modules/typescript/lib/lib.webworker.importscripts.d.ts","/usr/local/lib/node_modules/typescript/lib/lib.scripthost.d.ts","/usr/local/lib/node_modules/typescript/lib/lib.es2015.core.d.ts","/usr/local/lib/node_modules/typescript/lib/lib.es2015.collection.d.ts","/usr/local/lib/node_modules/typescript/lib/lib.es2015.generator.d.ts","/usr/local/lib/node_modules/typescript/lib/lib.es2015.iterable.d.ts","/usr/local/lib/node_modules/typescript/lib/lib.es2015.promise.d.ts","/usr/local/lib/node_modules/typescript/lib/lib.es2015.proxy.d.ts","/usr/local/lib/node_modules/typescript/lib/lib.es2015.reflect.d.ts","/usr/local/lib/node_modules/typescript/lib/lib.es2015.symbol.d.ts","/usr/local/lib/node_modules/typescript/lib/lib.es2015.symbol.wellknown.d.ts","/usr/local/lib/node_modules/typescript/lib/lib.es2016.array.include.d.ts","/usr/local/lib/node_modules/typescript/lib/lib.es2016.full.d.ts","/Users/samuelbanya/hub/Development/code/phase-1/Meowser/src/js/meowser.js"],"compilerOptions":{"module":1,"target":3,"jsx":1,"allowJs":true,"allowSyntheticDefaultImports":true,"allowNonTsExtensions":true,"noEmitForJsFiles":true,"maxNodeModuleJsDepth":2},"typeAcquisition":{"enable":true,"include":[],"exclude":[]},"unresolvedImports":[],"projectRootPath":"/Users/samuelbanya/hub/Development/code/phase-1/Meowser/src/js","kind":"discover"}
[13:38:37.060] Explicitly included types: []
[13:38:37.060] Inferred typings from unresolved imports: []
[13:38:37.060] Result: {"cachedTypingPaths":[],"newTypingNames":[],"filesToWatch":["/Users/samuelbanya/hub/Development/code/phase-1/Meowser/src/js/bower_components","/Users/samuelbanya/hub/Development/code/phase-1/Meowser/src/js/node_modules"]}
[13:38:37.060] Finished typings discovery: {"cachedTypingPaths":[],"newTypingNames":[],"filesToWatch":["/Users/samuelbanya/hub/Development/code/phase-1/Meowser/src/js/bower_components","/Users/samuelbanya/hub/Development/code/phase-1/Meowser/src/js/node_modules"]}
[13:38:37.061] Sending response:
    {"projectName":"/dev/null/inferredProject1*","typeAcquisition":{"enable":true,"include":[],"exclude":[]},"compilerOptions":{"module":1,"target":3,"jsx":1,"allowJs":true,"allowSyntheticDefaultImports":true,"allowNonTsExtensions":true,"noEmitForJsFiles":true,"maxNodeModuleJsDepth":2},"typings":[],"unresolvedImports":[],"kind":"action::set"}
[13:38:37.061] Response has been sent.
[13:38:37.061] No new typings were requested as a result of typings discovery
[13:40:12.280] Got install request {"projectName":"/dev/null/inferredProject1*","fileNames":["/usr/local/lib/node_modules/typescript/lib/lib.es5.d.ts","/usr/local/lib/node_modules/typescript/lib/lib.es2015.d.ts","/usr/local/lib/node_modules/typescript/lib/lib.es2016.d.ts","/usr/local/lib/node_modules/typescript/lib/lib.dom.d.ts","/usr/local/lib/node_modules/typescript/lib/lib.dom.iterable.d.ts","/usr/local/lib/node_modules/typescript/lib/lib.webworker.importscripts.d.ts","/usr/local/lib/node_modules/typescript/lib/lib.scripthost.d.ts","/usr/local/lib/node_modules/typescript/lib/lib.es2015.core.d.ts","/usr/local/lib/node_modules/typescript/lib/lib.es2015.collection.d.ts","/usr/local/lib/node_modules/typescript/lib/lib.es2015.generator.d.ts","/usr/local/lib/node_modules/typescript/lib/lib.es2015.iterable.d.ts","/usr/local/lib/node_modules/typescript/lib/lib.es2015.promise.d.ts","/usr/local/lib/node_modules/typescript/lib/lib.es2015.proxy.d.ts","/usr/local/lib/node_modules/typescript/lib/lib.es2015.reflect.d.ts","/usr/local/lib/node_modules/typescript/lib/lib.es2015.symbol.d.ts","/usr/local/lib/node_modules/typescript/lib/lib.es2015.symbol.wellknown.d.ts","/usr/local/lib/node_modules/typescript/lib/lib.es2016.array.include.d.ts","/usr/local/lib/node_modules/typescript/lib/lib.es2016.full.d.ts","/Users/samuelbanya/hub/Development/code/phase-1/Meowser/src/js/meowser.js"],"compilerOptions":{"module":1,"target":3,"jsx":1,"allowJs":true,"allowSyntheticDefaultImports":true,"allowNonTsExtensions":true,"noEmitForJsFiles":true,"maxNodeModuleJsDepth":2},"typeAcquisition":{"enable":true,"include":[],"exclude":[]},"unresolvedImports":[],"projectRootPath":"/Users/samuelbanya/hub/Development/code/phase-1/Meowser/src/js","kind":"discover"}
[13:40:12.281] Explicitly included types: []
[13:40:12.282] Inferred typings from unresolved imports: []
[13:40:12.282] Result: {"cachedTypingPaths":[],"newTypingNames":[],"filesToWatch":["/Users/samuelbanya/hub/Development/code/phase-1/Meowser/src/js/bower_components","/Users/samuelbanya/hub/Development/code/phase-1/Meowser/src/js/node_modules"]}
[13:40:12.282] Finished typings discovery: {"cachedTypingPaths":[],"newTypingNames":[],"filesToWatch":["/Users/samuelbanya/hub/Development/code/phase-1/Meowser/src/js/bower_components","/Users/samuelbanya/hub/Development/code/phase-1/Meowser/src/js/node_modules"]}
[13:40:12.283] Sending response:
    {"projectName":"/dev/null/inferredProject1*","typeAcquisition":{"enable":true,"include":[],"exclude":[]},"compilerOptions":{"module":1,"target":3,"jsx":1,"allowJs":true,"allowSyntheticDefaultImports":true,"allowNonTsExtensions":true,"noEmitForJsFiles":true,"maxNodeModuleJsDepth":2},"typings":[],"unresolvedImports":[],"kind":"action::set"}
[13:40:12.283] Response has been sent.
[13:40:12.283] No new typings were requested as a result of typings discovery
[13:40:18.934] Got install request {"projectName":"/dev/null/inferredProject1*","fileNames":["/usr/local/lib/node_modules/typescript/lib/lib.es5.d.ts","/usr/local/lib/node_modules/typescript/lib/lib.es2015.d.ts","/usr/local/lib/node_modules/typescript/lib/lib.es2016.d.ts","/usr/local/lib/node_modules/typescript/lib/lib.dom.d.ts","/usr/local/lib/node_modules/typescript/lib/lib.dom.iterable.d.ts","/usr/local/lib/node_modules/typescript/lib/lib.webworker.importscripts.d.ts","/usr/local/lib/node_modules/typescript/lib/lib.scripthost.d.ts","/usr/local/lib/node_modules/typescript/lib/lib.es2015.core.d.ts","/usr/local/lib/node_modules/typescript/lib/lib.es2015.collection.d.ts","/usr/local/lib/node_modules/typescript/lib/lib.es2015.generator.d.ts","/usr/local/lib/node_modules/typescript/lib/lib.es2015.iterable.d.ts","/usr/local/lib/node_modules/typescript/lib/lib.es2015.promise.d.ts","/usr/local/lib/node_modules/typescript/lib/lib.es2015.proxy.d.ts","/usr/local/lib/node_modules/typescript/lib/lib.es2015.reflect.d.ts","/usr/local/lib/node_modules/typescript/lib/lib.es2015.symbol.d.ts","/usr/local/lib/node_modules/typescript/lib/lib.es2015.symbol.wellknown.d.ts","/usr/local/lib/node_modules/typescript/lib/lib.es2016.array.include.d.ts","/usr/local/lib/node_modules/typescript/lib/lib.es2016.full.d.ts","/Users/samuelbanya/hub/Development/code/phase-1/Meowser/src/js/meowser.js"],"compilerOptions":{"module":1,"target":3,"jsx":1,"allowJs":true,"allowSyntheticDefaultImports":true,"allowNonTsExtensions":true,"noEmitForJsFiles":true,"maxNodeModuleJsDepth":2},"typeAcquisition":{"enable":true,"include":[],"exclude":[]},"unresolvedImports":[],"projectRootPath":"/Users/samuelbanya/hub/Development/code/phase-1/Meowser/src/js","kind":"discover"}
[13:40:18.934] Explicitly included types: []
[13:40:18.935] Inferred typings from unresolved imports: []
[13:40:18.935] Result: {"cachedTypingPaths":[],"newTypingNames":[],"filesToWatch":["/Users/samuelbanya/hub/Development/code/phase-1/Meowser/src/js/bower_components","/Users/samuelbanya/hub/Development/code/phase-1/Meowser/src/js/node_modules"]}
[13:40:18.935] Finished typings discovery: {"cachedTypingPaths":[],"newTypingNames":[],"filesToWatch":["/Users/samuelbanya/hub/Development/code/phase-1/Meowser/src/js/bower_components","/Users/samuelbanya/hub/Development/code/phase-1/Meowser/src/js/node_modules"]}
[13:40:18.935] Sending response:
    {"projectName":"/dev/null/inferredProject1*","typeAcquisition":{"enable":true,"include":[],"exclude":[]},"compilerOptions":{"module":1,"target":3,"jsx":1,"allowJs":true,"allowSyntheticDefaultImports":true,"allowNonTsExtensions":true,"noEmitForJsFiles":true,"maxNodeModuleJsDepth":2},"typings":[],"unresolvedImports":[],"kind":"action::set"}
[13:40:18.935] Response has been sent.
[13:40:18.935] No new typings were requested as a result of typings discovery
[13:40:19.969] Got install request {"projectName":"/dev/null/inferredProject1*","fileNames":["/usr/local/lib/node_modules/typescript/lib/lib.es5.d.ts","/usr/local/lib/node_modules/typescript/lib/lib.es2015.d.ts","/usr/local/lib/node_modules/typescript/lib/lib.es2016.d.ts","/usr/local/lib/node_modules/typescript/lib/lib.dom.d.ts","/usr/local/lib/node_modules/typescript/lib/lib.dom.iterable.d.ts","/usr/local/lib/node_modules/typescript/lib/lib.webworker.importscripts.d.ts","/usr/local/lib/node_modules/typescript/lib/lib.scripthost.d.ts","/usr/local/lib/node_modules/typescript/lib/lib.es2015.core.d.ts","/usr/local/lib/node_modules/typescript/lib/lib.es2015.collection.d.ts","/usr/local/lib/node_modules/typescript/lib/lib.es2015.generator.d.ts","/usr/local/lib/node_modules/typescript/lib/lib.es2015.iterable.d.ts","/usr/local/lib/node_modules/typescript/lib/lib.es2015.promise.d.ts","/usr/local/lib/node_modules/typescript/lib/lib.es2015.proxy.d.ts","/usr/local/lib/node_modules/typescript/lib/lib.es2015.reflect.d.ts","/usr/local/lib/node_modules/typescript/lib/lib.es2015.symbol.d.ts","/usr/local/lib/node_modules/typescript/lib/lib.es2015.symbol.wellknown.d.ts","/usr/local/lib/node_modules/typescript/lib/lib.es2016.array.include.d.ts","/usr/local/lib/node_modules/typescript/lib/lib.es2016.full.d.ts","/Users/samuelbanya/hub/Development/code/phase-1/Meowser/src/js/meowser.js"],"compilerOptions":{"module":1,"target":3,"jsx":1,"allowJs":true,"allowSyntheticDefaultImports":true,"allowNonTsExtensions":true,"noEmitForJsFiles":true,"maxNodeModuleJsDepth":2},"typeAcquisition":{"enable":true,"include":[],"exclude":[]},"unresolvedImports":["dotenv"],"projectRootPath":"/Users/samuelbanya/hub/Development/code/phase-1/Meowser/src/js","kind":"discover"}
[13:40:19.970] Explicitly included types: []
[13:40:19.970] Inferred typings from unresolved imports: ["dotenv"]
[13:40:19.971] Result: {"cachedTypingPaths":[],"newTypingNames":["dotenv"],"filesToWatch":["/Users/samuelbanya/hub/Development/code/phase-1/Meowser/src/js/bower_components","/Users/samuelbanya/hub/Development/code/phase-1/Meowser/src/js/node_modules"]}
[13:40:19.971] Finished typings discovery: {"cachedTypingPaths":[],"newTypingNames":["dotenv"],"filesToWatch":["/Users/samuelbanya/hub/Development/code/phase-1/Meowser/src/js/bower_components","/Users/samuelbanya/hub/Development/code/phase-1/Meowser/src/js/node_modules"]}
[13:40:19.972] Installing typings ["dotenv"]
[13:40:19.973] 'dotenv':: Entry for package 'dotenv' does not exist in local types registry - skipping...
[13:40:19.973] All typings are known to be missing or invalid - no need to install more typings
[13:40:19.973] Sending response:
    {"projectName":"/dev/null/inferredProject1*","typeAcquisition":{"enable":true,"include":[],"exclude":[]},"compilerOptions":{"module":1,"target":3,"jsx":1,"allowJs":true,"allowSyntheticDefaultImports":true,"allowNonTsExtensions":true,"noEmitForJsFiles":true,"maxNodeModuleJsDepth":2},"typings":[],"unresolvedImports":["dotenv"],"kind":"action::set"}
[13:40:19.974] Response has been sent.
[13:40:21.688] Got install request {"projectName":"/dev/null/inferredProject1*","fileNames":["/usr/local/lib/node_modules/typescript/lib/lib.es5.d.ts","/usr/local/lib/node_modules/typescript/lib/lib.es2015.d.ts","/usr/local/lib/node_modules/typescript/lib/lib.es2016.d.ts","/usr/local/lib/node_modules/typescript/lib/lib.dom.d.ts","/usr/local/lib/node_modules/typescript/lib/lib.dom.iterable.d.ts","/usr/local/lib/node_modules/typescript/lib/lib.webworker.importscripts.d.ts","/usr/local/lib/node_modules/typescript/lib/lib.scripthost.d.ts","/usr/local/lib/node_modules/typescript/lib/lib.es2015.core.d.ts","/usr/local/lib/node_modules/typescript/lib/lib.es2015.collection.d.ts","/usr/local/lib/node_modules/typescript/lib/lib.es2015.generator.d.ts","/usr/local/lib/node_modules/typescript/lib/lib.es2015.iterable.d.ts","/usr/local/lib/node_modules/typescript/lib/lib.es2015.promise.d.ts","/usr/local/lib/node_modules/typescript/lib/lib.es2015.proxy.d.ts","/usr/local/lib/node_modules/typescript/lib/lib.es2015.reflect.d.ts","/usr/local/lib/node_modules/typescript/lib/lib.es2015.symbol.d.ts","/usr/local/lib/node_modules/typescript/lib/lib.es2015.symbol.wellknown.d.ts","/usr/local/lib/node_modules/typescript/lib/lib.es2016.array.include.d.ts","/usr/local/lib/node_modules/typescript/lib/lib.es2016.full.d.ts","/Users/samuelbanya/hub/Development/code/phase-1/Meowser/src/js/meowser.js"],"compilerOptions":{"module":1,"target":3,"jsx":1,"allowJs":true,"allowSyntheticDefaultImports":true,"allowNonTsExtensions":true,"noEmitForJsFiles":true,"maxNodeModuleJsDepth":2},"typeAcquisition":{"enable":true,"include":[],"exclude":[]},"unresolvedImports":[],"projectRootPath":"/Users/samuelbanya/hub/Development/code/phase-1/Meowser/src/js","kind":"discover"}
[13:40:21.688] Explicitly included types: []
[13:40:21.689] Inferred typings from unresolved imports: []
[13:40:21.689] Result: {"cachedTypingPaths":[],"newTypingNames":[],"filesToWatch":["/Users/samuelbanya/hub/Development/code/phase-1/Meowser/src/js/bower_components","/Users/samuelbanya/hub/Development/code/phase-1/Meowser/src/js/node_modules"]}
[13:40:21.689] Finished typings discovery: {"cachedTypingPaths":[],"newTypingNames":[],"filesToWatch":["/Users/samuelbanya/hub/Development/code/phase-1/Meowser/src/js/bower_components","/Users/samuelbanya/hub/Development/code/phase-1/Meowser/src/js/node_modules"]}
[13:40:21.689] Sending response:
    {"projectName":"/dev/null/inferredProject1*","typeAcquisition":{"enable":true,"include":[],"exclude":[]},"compilerOptions":{"module":1,"target":3,"jsx":1,"allowJs":true,"allowSyntheticDefaultImports":true,"allowNonTsExtensions":true,"noEmitForJsFiles":true,"maxNodeModuleJsDepth":2},"typings":[],"unresolvedImports":[],"kind":"action::set"}
[13:40:21.690] Response has been sent.
[13:40:21.690] No new typings were requested as a result of typings discovery
[13:41:27.106] Got install request {"projectName":"/dev/null/inferredProject1*","fileNames":["/usr/local/lib/node_modules/typescript/lib/lib.es5.d.ts","/usr/local/lib/node_modules/typescript/lib/lib.es2015.d.ts","/usr/local/lib/node_modules/typescript/lib/lib.es2016.d.ts","/usr/local/lib/node_modules/typescript/lib/lib.dom.d.ts","/usr/local/lib/node_modules/typescript/lib/lib.dom.iterable.d.ts","/usr/local/lib/node_modules/typescript/lib/lib.webworker.importscripts.d.ts","/usr/local/lib/node_modules/typescript/lib/lib.scripthost.d.ts","/usr/local/lib/node_modules/typescript/lib/lib.es2015.core.d.ts","/usr/local/lib/node_modules/typescript/lib/lib.es2015.collection.d.ts","/usr/local/lib/node_modules/typescript/lib/lib.es2015.generator.d.ts","/usr/local/lib/node_modules/typescript/lib/lib.es2015.iterable.d.ts","/usr/local/lib/node_modules/typescript/lib/lib.es2015.promise.d.ts","/usr/local/lib/node_modules/typescript/lib/lib.es2015.proxy.d.ts","/usr/local/lib/node_modules/typescript/lib/lib.es2015.reflect.d.ts","/usr/local/lib/node_modules/typescript/lib/lib.es2015.symbol.d.ts","/usr/local/lib/node_modules/typescript/lib/lib.es2015.symbol.wellknown.d.ts","/usr/local/lib/node_modules/typescript/lib/lib.es2016.array.include.d.ts","/usr/local/lib/node_modules/typescript/lib/lib.es2016.full.d.ts","/Users/samuelbanya/hub/Development/code/phase-1/Meowser/src/js/meowser.js"],"compilerOptions":{"module":1,"target":3,"jsx":1,"allowJs":true,"allowSyntheticDefaultImports":true,"allowNonTsExtensions":true,"noEmitForJsFiles":true,"maxNodeModuleJsDepth":2},"typeAcquisition":{"enable":true,"include":[],"exclude":[]},"unresolvedImports":[],"projectRootPath":"/Users/samuelbanya/hub/Development/code/phase-1/Meowser/src/js","kind":"discover"}
[13:41:27.107] Explicitly included types: []
[13:41:27.108] Inferred typings from unresolved imports: []
[13:41:27.109] Result: {"cachedTypingPaths":[],"newTypingNames":[],"filesToWatch":["/Users/samuelbanya/hub/Development/code/phase-1/Meowser/src/js/bower_components","/Users/samuelbanya/hub/Development/code/phase-1/Meowser/src/js/node_modules"]}
[13:41:27.109] Finished typings discovery: {"cachedTypingPaths":[],"newTypingNames":[],"filesToWatch":["/Users/samuelbanya/hub/Development/code/phase-1/Meowser/src/js/bower_components","/Users/samuelbanya/hub/Development/code/phase-1/Meowser/src/js/node_modules"]}
[13:41:27.110] Sending response:
    {"projectName":"/dev/null/inferredProject1*","typeAcquisition":{"enable":true,"include":[],"exclude":[]},"compilerOptions":{"module":1,"target":3,"jsx":1,"allowJs":true,"allowSyntheticDefaultImports":true,"allowNonTsExtensions":true,"noEmitForJsFiles":true,"maxNodeModuleJsDepth":2},"typings":[],"unresolvedImports":[],"kind":"action::set"}
[13:41:27.110] Response has been sent.
[13:41:27.110] No new typings were requested as a result of typings discovery
[13:42:00.760] Got install request {"projectName":"/dev/null/inferredProject1*","fileNames":["/usr/local/lib/node_modules/typescript/lib/lib.es5.d.ts","/usr/local/lib/node_modules/typescript/lib/lib.es2015.d.ts","/usr/local/lib/node_modules/typescript/lib/lib.es2016.d.ts","/usr/local/lib/node_modules/typescript/lib/lib.dom.d.ts","/usr/local/lib/node_modules/typescript/lib/lib.dom.iterable.d.ts","/usr/local/lib/node_modules/typescript/lib/lib.webworker.importscripts.d.ts","/usr/local/lib/node_modules/typescript/lib/lib.scripthost.d.ts","/usr/local/lib/node_modules/typescript/lib/lib.es2015.core.d.ts","/usr/local/lib/node_modules/typescript/lib/lib.es2015.collection.d.ts","/usr/local/lib/node_modules/typescript/lib/lib.es2015.generator.d.ts","/usr/local/lib/node_modules/typescript/lib/lib.es2015.iterable.d.ts","/usr/local/lib/node_modules/typescript/lib/lib.es2015.promise.d.ts","/usr/local/lib/node_modules/typescript/lib/lib.es2015.proxy.d.ts","/usr/local/lib/node_modules/typescript/lib/lib.es2015.reflect.d.ts","/usr/local/lib/node_modules/typescript/lib/lib.es2015.symbol.d.ts","/usr/local/lib/node_modules/typescript/lib/lib.es2015.symbol.wellknown.d.ts","/usr/local/lib/node_modules/typescript/lib/lib.es2016.array.include.d.ts","/usr/local/lib/node_modules/typescript/lib/lib.es2016.full.d.ts","/Users/samuelbanya/hub/Development/code/phase-1/Meowser/src/js/meowser.js"],"compilerOptions":{"module":1,"target":3,"jsx":1,"allowJs":true,"allowSyntheticDefaultImports":true,"allowNonTsExtensions":true,"noEmitForJsFiles":true,"maxNodeModuleJsDepth":2},"typeAcquisition":{"enable":true,"include":[],"exclude":[]},"unresolvedImports":[""],"projectRootPath":"/Users/samuelbanya/hub/Development/code/phase-1/Meowser/src/js","kind":"discover"}
[13:42:00.760] Explicitly included types: []
[13:42:00.761] Inferred typings from unresolved imports: [""]
[13:42:00.761] Result: {"cachedTypingPaths":[],"newTypingNames":[""],"filesToWatch":["/Users/samuelbanya/hub/Development/code/phase-1/Meowser/src/js/bower_components","/Users/samuelbanya/hub/Development/code/phase-1/Meowser/src/js/node_modules"]}
[13:42:00.762] Finished typings discovery: {"cachedTypingPaths":[],"newTypingNames":[""],"filesToWatch":["/Users/samuelbanya/hub/Development/code/phase-1/Meowser/src/js/bower_components","/Users/samuelbanya/hub/Development/code/phase-1/Meowser/src/js/node_modules"]}
[13:42:00.762] Installing typings [""]
[13:42:00.762] '':: '' is in missingTypingsSet - skipping...
[13:42:00.762] All typings are known to be missing or invalid - no need to install more typings
[13:42:00.762] Sending response:
    {"projectName":"/dev/null/inferredProject1*","typeAcquisition":{"enable":true,"include":[],"exclude":[]},"compilerOptions":{"module":1,"target":3,"jsx":1,"allowJs":true,"allowSyntheticDefaultImports":true,"allowNonTsExtensions":true,"noEmitForJsFiles":true,"maxNodeModuleJsDepth":2},"typings":[],"unresolvedImports":[""],"kind":"action::set"}
[13:42:00.763] Response has been sent.
[13:42:01.840] Got install request {"projectName":"/dev/null/inferredProject1*","fileNames":["/usr/local/lib/node_modules/typescript/lib/lib.es5.d.ts","/usr/local/lib/node_modules/typescript/lib/lib.es2015.d.ts","/usr/local/lib/node_modules/typescript/lib/lib.es2016.d.ts","/usr/local/lib/node_modules/typescript/lib/lib.dom.d.ts","/usr/local/lib/node_modules/typescript/lib/lib.dom.iterable.d.ts","/usr/local/lib/node_modules/typescript/lib/lib.webworker.importscripts.d.ts","/usr/local/lib/node_modules/typescript/lib/lib.scripthost.d.ts","/usr/local/lib/node_modules/typescript/lib/lib.es2015.core.d.ts","/usr/local/lib/node_modules/typescript/lib/lib.es2015.collection.d.ts","/usr/local/lib/node_modules/typescript/lib/lib.es2015.generator.d.ts","/usr/local/lib/node_modules/typescript/lib/lib.es2015.iterable.d.ts","/usr/local/lib/node_modules/typescript/lib/lib.es2015.promise.d.ts","/usr/local/lib/node_modules/typescript/lib/lib.es2015.proxy.d.ts","/usr/local/lib/node_modules/typescript/lib/lib.es2015.reflect.d.ts","/usr/local/lib/node_modules/typescript/lib/lib.es2015.symbol.d.ts","/usr/local/lib/node_modules/typescript/lib/lib.es2015.symbol.wellknown.d.ts","/usr/local/lib/node_modules/typescript/lib/lib.es2016.array.include.d.ts","/usr/local/lib/node_modules/typescript/lib/lib.es2016.full.d.ts","/Users/samuelbanya/hub/Development/code/phase-1/Meowser/src/js/meowser.js"],"compilerOptions":{"module":1,"target":3,"jsx":1,"allowJs":true,"allowSyntheticDefaultImports":true,"allowNonTsExtensions":true,"noEmitForJsFiles":true,"maxNodeModuleJsDepth":2},"typeAcquisition":{"enable":true,"include":[],"exclude":[]},"unresolvedImports":[],"projectRootPath":"/Users/samuelbanya/hub/Development/code/phase-1/Meowser/src/js","kind":"discover"}
[13:42:01.840] Explicitly included types: []
[13:42:01.841] Inferred typings from unresolved imports: []
[13:42:01.841] Result: {"cachedTypingPaths":[],"newTypingNames":[],"filesToWatch":["/Users/samuelbanya/hub/Development/code/phase-1/Meowser/src/js/bower_components","/Users/samuelbanya/hub/Development/code/phase-1/Meowser/src/js/node_modules"]}
[13:42:01.841] Finished typings discovery: {"cachedTypingPaths":[],"newTypingNames":[],"filesToWatch":["/Users/samuelbanya/hub/Development/code/phase-1/Meowser/src/js/bower_components","/Users/samuelbanya/hub/Development/code/phase-1/Meowser/src/js/node_modules"]}
[13:42:01.841] Sending response:
    {"projectName":"/dev/null/inferredProject1*","typeAcquisition":{"enable":true,"include":[],"exclude":[]},"compilerOptions":{"module":1,"target":3,"jsx":1,"allowJs":true,"allowSyntheticDefaultImports":true,"allowNonTsExtensions":true,"noEmitForJsFiles":true,"maxNodeModuleJsDepth":2},"typings":[],"unresolvedImports":[],"kind":"action::set"}
[13:42:01.841] Response has been sent.
[13:42:01.842] No new typings were requested as a result of typings discovery
