[13:13:52.723] Global cache location '/Users/samuelbanya/Library/Caches/typescript/4.5', safe file path '/usr/local/lib/node_modules/typescript/lib/typingsafelist.json', types map path /usr/local/lib/node_modules/typescript/lib/typesmap.json
[13:13:52.725] Processing cache location '/Users/samuelbanya/Library/Caches/typescript/4.5'
[13:13:52.725] Trying to find '/Users/samuelbanya/Library/Caches/typescript/4.5/package.json'...
[13:13:52.730] Loaded content of '/Users/samuelbanya/Library/Caches/typescript/4.5/package.json': {"private":true,"dependencies":{"types-registry":"^0.1.595"},"devDependencies":{"@types/accepts":"^1.3.5","@types/acorn":"^4.0.6","@types/argparse":"^2.0.10","@types/arr-diff":"^4.0.1","@types/arr-union":"^3.1.0","@types/array-unique":"^0.3.0","@types/asn1":"^0.2.0","@types/assert-plus":"^1.0.4","@types/atob":"^2.1.2","@types/aws4":"^1.11.2","@types/babel__core":"^7.1.19","@types/babel__preset-env":"^7.9.2","@types/babel-code-frame":"^6.20.5","@types/babel-core":"^6.25.7","@types/babel-generator":"^6.25.5","@types/babel-template":"^6.25.2","@types/babel-traverse":"^6.25.7","@types/babel-types":"^7.0.11","@types/babylon":"^6.16.6","@types/balanced-match":"^1.0.2","@types/basic-auth":"^1.1.3","@types/body-parser":"^1.19.2","@types/boom":"^7.3.2","@types/brace-expansion":"^1.1.0","@types/braces":"^3.0.1","@types/bytes":"^3.1.1","@types/call-bind":"^1.0.0","@types/caniuse-lite":"^1.0.1","@types/caseless":"^0.12.2","@types/chai":"^4.3.1","@types/chai-spies":"^1.0.3","@types/check-error":"^1.0.0","@types/co":"^4.6.3","@types/color-convert":"^2.0.0","@types/color-name":"^1.1.1","@types/combined-stream":"^1.0.3","@types/component-emitter":"^1.2.11","@types/compressible":"^2.0.0","@types/compression":"^1.7.2","@types/concat-map":"^0.0.1","@types/configstore":"^5.0.1","@types/content-disposition":"^0.5.5","@types/content-type":"^1.1.5","@types/convert-source-map":"^1.5.2","@types/cookie":"^0.5.1","@types/cookie-signature":"^1.0.4","@types/core-js":"^2.5.5","@types/cors":"^2.8.12","@types/cross-spawn":"^6.0.2","@types/cryptiles":"^3.1.0","@types/cssom":"^0.4.1","@types/cssstyle":"^2.2.1","@types/dashdash":"^1.14.1","@types/debug":"^4.1.7","@types/decode-uri-component":"^0.2.0","@types/deep-extend":"^0.4.32","@types/define-properties":"^1.1.3","@types/depd":"^1.1.32","@types/destroy":"^1.0.0","@types/diff":"^5.0.2","@types/duplexer3":"^0.1.1","@types/ee-first":"^1.1.0","@types/encodeurl":"^1.0.0","@types/end-of-stream":"^1.4.1","@types/errorhandler":"^1.5.0","@types/es-abstract":"^1.17.3","@types/es-get-iterator":"^1.1.0","@types/es-to-primitive":"^1.2.4","@types/escape-html":"^1.0.2","@types/escodegen":"^0.0.7","@types/esprima":"^4.0.3","@types/estraverse":"^5.1.1","@types/esutils":"^2.0.0","@types/etag":"^1.8.1","@types/express":"^4.17.13","@types/extend":"^3.0.1","@types/extsprintf":"^1.4.2","@types/fast-levenshtein":"^0.0.2","@types/fill-range":"^7.0.0","@types/finalhandler":"^1.1.1","@types/flat":"^5.0.2","@types/foreach":"^2.0.0","@types/forever-agent":"^0.6.1","@types/forwarded":"^0.1.0","@types/fresh":"^0.5.0","@types/function-bind":"^1.1.6","@types/get-func-name":"^2.0.0","@types/get-intrinsic":"^1.0.0","@types/get-value":"^3.0.2","@types/getpass":"^0.1.1","@types/glob":"^7.2.0","@types/got":"^9.6.12","@types/graceful-fs":"^4.1.5","@types/has":"^1.0.0","@types/has-ansi":"^5.0.0","@types/has-symbols":"^1.0.0","@types/hawk":"^9.0.2","@types/he":"^1.1.2","@types/hoek":"^4.1.4","@types/html-encoding-sniffer":"^2.0.2","@types/http-errors":"^1.8.2","@types/imurmurhash":"^0.1.1","@types/inherits":"^0.0.30","@types/ini":"^1.3.31","@types/internal-slot":"^1.0.1","@types/invariant":"^2.2.35","@types/is-arguments":"^1.0.0","@types/is-bigint":"^1.0.0","@types/is-boolean-object":"^1.1.0","@types/is-buffer":"^2.0.0","@types/is-callable":"^1.1.0","@types/is-ci":"^3.0.0","@types/is-core-module":"^2.2.0","@types/is-data-descriptor":"^1.0.0","@types/is-date-object":"^1.0.2","@types/is-finite":"^1.0.0","@types/is-generator-function":"^1.0.1","@types/is-number":"^7.0.3","@types/is-regex":"^1.0.0","@types/is-string":"^1.0.0","@types/is-typedarray":"^1.0.0","@types/is-windows":"^1.0.0","@types/isarray":"^2.0.0","@types/isexe":"^2.0.1","@types/isstream":"^0.1.0","@types/jju":"^1.4.2","@types/js-levenshtein":"^1.1.1","@types/js-yaml":"^4.0.5","@types/jsbn":"^1.2.30","@types/jsdom":"^16.2.14","@types/jsesc":"^3.0.1","@types/json-parse-helpfulerror":"^1.0.1","@types/json-schema":"^7.0.11","@types/json-server":"^0.14.4","@types/json-stable-stringify":"^1.0.34","@types/json-stringify-safe":"^5.0.0","@types/kind-of":"^6.0.0","@types/lodash":"^4.14.182","@types/lodash.debounce":"^4.0.7","@types/lodash.once":"^4.1.7","@types/lolex":"^5.1.2","@types/lowdb":"^1.0.11","@types/lru-cache":"^7.6.1","@types/media-typer":"^1.1.1","@types/merge-descriptors":"^1.0.1","@types/method-override":"^0.0.32","@types/methods":"^1.1.1","@types/micromatch":"^4.0.2","@types/mime":"^2.0.3","@types/mime-db":"^1.43.1","@types/mime-types":"^2.1.1","@types/minimatch":"^3.0.5","@types/minimist":"^1.2.2","@types/mkdirp":"^1.0.2","@types/mocha":"^9.1.1","@types/morgan":"^1.9.3","@types/ms":"^0.7.31","@types/negotiator":"^0.6.1","@types/nice-try":"^2.1.0","@types/nise":"^1.4.0","@types/node-fetch":"^2.6.1","@types/number-is-nan":"^2.0.0","@types/nwmatcher":"^1.4.2","@types/object-assign":"^4.0.30","@types/object-inspect":"^1.8.1","@types/object-keys":"^1.0.1","@types/object.getownpropertydescriptors":"^2.1.1","@types/object.pick":"^1.3.2","@types/on-finished":"^2.3.1","@types/on-headers":"^1.0.0","@types/once":"^1.4.0","@types/os-homedir":"^1.0.0","@types/os-tmpdir":"^1.0.0","@types/parse5":"^6.0.3","@types/parseurl":"^1.3.1","@types/pascalcase":"^1.0.1","@types/path-is-absolute":"^1.0.0","@types/path-is-inside":"^1.0.0","@types/path-parse":"^1.0.19","@types/pathval":"^1.1.0","@types/pify":"^5.0.1","@types/pluralize":"^0.0.29","@types/prelude-ls":"^1.1.29","@types/proxy-addr":"^2.0.0","@types/psl":"^1.1.0","@types/pump":"^1.1.1","@types/punycode":"^2.1.0","@types/qs":"^6.9.7","@types/range-parser":"^1.2.4","@types/rc":"^1.2.1","@types/react-is":"^17.0.3","@types/regenerate":"^1.4.1","@types/regenerator-runtime":"^0.13.1","@types/regex-not":"^1.0.0","@types/registry-auth-token":"^4.2.1","@types/repeat-element":"^1.1.1","@types/repeat-string":"^1.6.3","@types/repeating":"^3.0.0","@types/request":"^2.48.8","@types/require-directory":"^2.1.2","@types/resolve":"^1.20.2","@types/safe-regex":"^1.1.3","@types/safer-buffer":"^2.1.0","@types/sax":"^1.2.4","@types/semver":"^7.3.9","@types/semver-compare":"^1.0.1","@types/send":"^0.17.1","@types/serve-static":"^1.13.10","@types/server-destroy":"^1.0.1","@types/set-value":"^4.0.1","@types/shebang-command":"^1.2.0","@types/signal-exit":"^3.0.1","@types/sinon":"^10.0.11","@types/sinon-stub-promise":"^2.1.7","@types/sntp":"^3.0.2","@types/source-map-support":"^0.5.4","@types/sprintf":"^0.1.0","@types/sprintf-js":"^1.1.2","@types/sshpk":"^1.17.0","@types/stack-utils":"^2.0.1","@types/statuses":"^2.0.0","@types/supports-color":"^8.1.1","@types/symbol-tree":"^3.2.2","@types/to-regex":"^3.0.0","@types/to-regex-range":"^5.0.0","@types/tough-cookie":"^4.0.2","@types/type-check":"^0.3.27","@types/type-detect":"^4.0.1","@types/type-is":"^1.6.3","@types/update-notifier":"^5.1.0","@types/urix":"^0.1.0","@types/url-parse-lax":"^5.0.0","@types/utils-merge":"^0.0.28","@types/uuid":"^8.3.4","@types/vary":"^1.1.0","@types/verror":"^1.10.5","@types/webidl-conversions":"^6.1.1","@types/whatwg-encoding":"^1.0.0","@types/whatwg-url":"^8.2.1","@types/which":"^2.0.1","@types/wordwrap":"^1.0.1","@types/wrap-ansi":"^8.0.1","@types/write-file-atomic":"^4.0.0","@types/xml-name-validator":"^4.0.0","@types/yallist":"^4.0.1","@types/yargs":"^17.0.10","@types/yargs-parser":"^21.0.0","@types/yargs-unparser":"^2.0.1"}}
[13:13:52.730] Loaded content of '/Users/samuelbanya/Library/Caches/typescript/4.5/package-lock.json'
[13:13:52.743] Adding entry into typings cache: 'accepts' => '/Users/samuelbanya/Library/Caches/typescript/4.5/node_modules/@types/accepts/index.d.ts'
[13:13:52.748] Adding entry into typings cache: 'acorn' => '/Users/samuelbanya/Library/Caches/typescript/4.5/node_modules/@types/acorn/index.d.ts'
[13:13:52.752] Adding entry into typings cache: 'argparse' => '/Users/samuelbanya/Library/Caches/typescript/4.5/node_modules/@types/argparse/index.d.ts'
[13:13:52.755] Adding entry into typings cache: 'arr-diff' => '/Users/samuelbanya/Library/Caches/typescript/4.5/node_modules/@types/arr-diff/index.d.ts'
[13:13:52.757] Adding entry into typings cache: 'arr-union' => '/Users/samuelbanya/Library/Caches/typescript/4.5/node_modules/@types/arr-union/index.d.ts'
[13:13:52.759] Adding entry into typings cache: 'array-unique' => '/Users/samuelbanya/Library/Caches/typescript/4.5/node_modules/@types/array-unique/index.d.ts'
[13:13:52.762] Adding entry into typings cache: 'asn1' => '/Users/samuelbanya/Library/Caches/typescript/4.5/node_modules/@types/asn1/index.d.ts'
[13:13:52.764] Adding entry into typings cache: 'assert-plus' => '/Users/samuelbanya/Library/Caches/typescript/4.5/node_modules/@types/assert-plus/index.d.ts'
[13:13:52.766] Adding entry into typings cache: 'atob' => '/Users/samuelbanya/Library/Caches/typescript/4.5/node_modules/@types/atob/index.d.ts'
[13:13:52.770] Adding entry into typings cache: 'aws4' => '/Users/samuelbanya/Library/Caches/typescript/4.5/node_modules/@types/aws4/index.d.ts'
[13:13:52.774] Adding entry into typings cache: 'babel__core' => '/Users/samuelbanya/Library/Caches/typescript/4.5/node_modules/@types/babel__core/index.d.ts'
[13:13:52.776] Adding entry into typings cache: 'babel__preset-env' => '/Users/samuelbanya/Library/Caches/typescript/4.5/node_modules/@types/babel__preset-env/index.d.ts'
[13:13:52.778] Adding entry into typings cache: 'babel-code-frame' => '/Users/samuelbanya/Library/Caches/typescript/4.5/node_modules/@types/babel-code-frame/index.d.ts'
[13:13:52.781] Adding entry into typings cache: 'babel-core' => '/Users/samuelbanya/Library/Caches/typescript/4.5/node_modules/@types/babel-core/index.d.ts'
[13:13:52.783] Adding entry into typings cache: 'babel-generator' => '/Users/samuelbanya/Library/Caches/typescript/4.5/node_modules/@types/babel-generator/index.d.ts'
[13:13:52.784] Adding entry into typings cache: 'babel-template' => '/Users/samuelbanya/Library/Caches/typescript/4.5/node_modules/@types/babel-template/index.d.ts'
[13:13:52.787] Adding entry into typings cache: 'babel-traverse' => '/Users/samuelbanya/Library/Caches/typescript/4.5/node_modules/@types/babel-traverse/index.d.ts'
[13:13:52.788] Adding entry into typings cache: 'babel-types' => '/Users/samuelbanya/Library/Caches/typescript/4.5/node_modules/@types/babel-types/index.d.ts'
[13:13:52.790] Adding entry into typings cache: 'babylon' => '/Users/samuelbanya/Library/Caches/typescript/4.5/node_modules/@types/babylon/index.d.ts'
[13:13:52.791] Adding entry into typings cache: 'balanced-match' => '/Users/samuelbanya/Library/Caches/typescript/4.5/node_modules/@types/balanced-match/index.d.ts'
[13:13:52.793] Adding entry into typings cache: 'basic-auth' => '/Users/samuelbanya/Library/Caches/typescript/4.5/node_modules/@types/basic-auth/index.d.ts'
[13:13:52.796] Adding entry into typings cache: 'body-parser' => '/Users/samuelbanya/Library/Caches/typescript/4.5/node_modules/@types/body-parser/index.d.ts'
[13:13:52.798] Adding entry into typings cache: 'boom' => '/Users/samuelbanya/Library/Caches/typescript/4.5/node_modules/@types/boom/index.d.ts'
[13:13:52.799] Adding entry into typings cache: 'brace-expansion' => '/Users/samuelbanya/Library/Caches/typescript/4.5/node_modules/@types/brace-expansion/index.d.ts'
[13:13:52.802] Adding entry into typings cache: 'braces' => '/Users/samuelbanya/Library/Caches/typescript/4.5/node_modules/@types/braces/index.d.ts'
[13:13:52.803] Adding entry into typings cache: 'bytes' => '/Users/samuelbanya/Library/Caches/typescript/4.5/node_modules/@types/bytes/index.d.ts'
[13:13:52.805] Adding entry into typings cache: 'call-bind' => '/Users/samuelbanya/Library/Caches/typescript/4.5/node_modules/@types/call-bind/index.d.ts'
[13:13:52.807] Adding entry into typings cache: 'caniuse-lite' => '/Users/samuelbanya/Library/Caches/typescript/4.5/node_modules/@types/caniuse-lite/index.d.ts'
[13:13:52.809] Adding entry into typings cache: 'caseless' => '/Users/samuelbanya/Library/Caches/typescript/4.5/node_modules/@types/caseless/index.d.ts'
[13:13:52.811] Adding entry into typings cache: 'chai' => '/Users/samuelbanya/Library/Caches/typescript/4.5/node_modules/@types/chai/index.d.ts'
[13:13:52.814] Adding entry into typings cache: 'chai-spies' => '/Users/samuelbanya/Library/Caches/typescript/4.5/node_modules/@types/chai-spies/index.d.ts'
[13:13:52.815] Adding entry into typings cache: 'check-error' => '/Users/samuelbanya/Library/Caches/typescript/4.5/node_modules/@types/check-error/index.d.ts'
[13:13:52.817] Adding entry into typings cache: 'co' => '/Users/samuelbanya/Library/Caches/typescript/4.5/node_modules/@types/co/index.d.ts'
[13:13:52.820] Adding entry into typings cache: 'color-convert' => '/Users/samuelbanya/Library/Caches/typescript/4.5/node_modules/@types/color-convert/index.d.ts'
[13:13:52.823] Adding entry into typings cache: 'color-name' => '/Users/samuelbanya/Library/Caches/typescript/4.5/node_modules/@types/color-name/index.d.ts'
[13:13:52.826] Adding entry into typings cache: 'combined-stream' => '/Users/samuelbanya/Library/Caches/typescript/4.5/node_modules/@types/combined-stream/index.d.ts'
[13:13:52.828] Adding entry into typings cache: 'component-emitter' => '/Users/samuelbanya/Library/Caches/typescript/4.5/node_modules/@types/component-emitter/index.d.ts'
[13:13:52.829] Adding entry into typings cache: 'compressible' => '/Users/samuelbanya/Library/Caches/typescript/4.5/node_modules/@types/compressible/index.d.ts'
[13:13:52.830] Adding entry into typings cache: 'compression' => '/Users/samuelbanya/Library/Caches/typescript/4.5/node_modules/@types/compression/index.d.ts'
[13:13:52.831] Adding entry into typings cache: 'concat-map' => '/Users/samuelbanya/Library/Caches/typescript/4.5/node_modules/@types/concat-map/index.d.ts'
[13:13:52.833] Adding entry into typings cache: 'configstore' => '/Users/samuelbanya/Library/Caches/typescript/4.5/node_modules/@types/configstore/index.d.ts'
[13:13:52.834] Adding entry into typings cache: 'content-disposition' => '/Users/samuelbanya/Library/Caches/typescript/4.5/node_modules/@types/content-disposition/index.d.ts'
[13:13:52.835] Adding entry into typings cache: 'content-type' => '/Users/samuelbanya/Library/Caches/typescript/4.5/node_modules/@types/content-type/index.d.ts'
[13:13:52.836] Adding entry into typings cache: 'convert-source-map' => '/Users/samuelbanya/Library/Caches/typescript/4.5/node_modules/@types/convert-source-map/index.d.ts'
[13:13:52.838] Adding entry into typings cache: 'cookie' => '/Users/samuelbanya/Library/Caches/typescript/4.5/node_modules/@types/cookie/index.d.ts'
[13:13:52.839] Adding entry into typings cache: 'cookie-signature' => '/Users/samuelbanya/Library/Caches/typescript/4.5/node_modules/@types/cookie-signature/index.d.ts'
[13:13:52.841] Adding entry into typings cache: 'core-js' => '/Users/samuelbanya/Library/Caches/typescript/4.5/node_modules/@types/core-js/index.d.ts'
[13:13:52.842] Adding entry into typings cache: 'cors' => '/Users/samuelbanya/Library/Caches/typescript/4.5/node_modules/@types/cors/index.d.ts'
[13:13:52.844] Adding entry into typings cache: 'cross-spawn' => '/Users/samuelbanya/Library/Caches/typescript/4.5/node_modules/@types/cross-spawn/index.d.ts'
[13:13:52.845] Adding entry into typings cache: 'cryptiles' => '/Users/samuelbanya/Library/Caches/typescript/4.5/node_modules/@types/cryptiles/index.d.ts'
[13:13:52.846] Adding entry into typings cache: 'cssom' => '/Users/samuelbanya/Library/Caches/typescript/4.5/node_modules/@types/cssom/index.d.ts'
[13:13:52.848] Adding entry into typings cache: 'cssstyle' => '/Users/samuelbanya/Library/Caches/typescript/4.5/node_modules/@types/cssstyle/index.d.ts'
[13:13:52.850] Adding entry into typings cache: 'dashdash' => '/Users/samuelbanya/Library/Caches/typescript/4.5/node_modules/@types/dashdash/index.d.ts'
[13:13:52.852] Adding entry into typings cache: 'debug' => '/Users/samuelbanya/Library/Caches/typescript/4.5/node_modules/@types/debug/index.d.ts'
[13:13:52.853] Adding entry into typings cache: 'decode-uri-component' => '/Users/samuelbanya/Library/Caches/typescript/4.5/node_modules/@types/decode-uri-component/index.d.ts'
[13:13:52.854] Adding entry into typings cache: 'deep-extend' => '/Users/samuelbanya/Library/Caches/typescript/4.5/node_modules/@types/deep-extend/index.d.ts'
[13:13:52.855] Adding entry into typings cache: 'define-properties' => '/Users/samuelbanya/Library/Caches/typescript/4.5/node_modules/@types/define-properties/index.d.ts'
[13:13:52.857] Adding entry into typings cache: 'depd' => '/Users/samuelbanya/Library/Caches/typescript/4.5/node_modules/@types/depd/index.d.ts'
[13:13:52.858] Adding entry into typings cache: 'destroy' => '/Users/samuelbanya/Library/Caches/typescript/4.5/node_modules/@types/destroy/index.d.ts'
[13:13:52.859] Adding entry into typings cache: 'diff' => '/Users/samuelbanya/Library/Caches/typescript/4.5/node_modules/@types/diff/index.d.ts'
[13:13:52.861] Adding entry into typings cache: 'duplexer3' => '/Users/samuelbanya/Library/Caches/typescript/4.5/node_modules/@types/duplexer3/index.d.ts'
[13:13:52.862] Adding entry into typings cache: 'ee-first' => '/Users/samuelbanya/Library/Caches/typescript/4.5/node_modules/@types/ee-first/index.d.ts'
[13:13:52.863] Adding entry into typings cache: 'encodeurl' => '/Users/samuelbanya/Library/Caches/typescript/4.5/node_modules/@types/encodeurl/index.d.ts'
[13:13:52.865] Adding entry into typings cache: 'end-of-stream' => '/Users/samuelbanya/Library/Caches/typescript/4.5/node_modules/@types/end-of-stream/index.d.ts'
[13:13:52.866] Adding entry into typings cache: 'errorhandler' => '/Users/samuelbanya/Library/Caches/typescript/4.5/node_modules/@types/errorhandler/index.d.ts'
[13:13:52.867] Adding entry into typings cache: 'es-abstract' => '/Users/samuelbanya/Library/Caches/typescript/4.5/node_modules/@types/es-abstract/index.d.ts'
[13:13:52.868] Adding entry into typings cache: 'es-get-iterator' => '/Users/samuelbanya/Library/Caches/typescript/4.5/node_modules/@types/es-get-iterator/index.d.ts'
[13:13:52.870] Adding entry into typings cache: 'es-to-primitive' => '/Users/samuelbanya/Library/Caches/typescript/4.5/node_modules/@types/es-to-primitive/index.d.ts'
[13:13:52.871] Adding entry into typings cache: 'escape-html' => '/Users/samuelbanya/Library/Caches/typescript/4.5/node_modules/@types/escape-html/index.d.ts'
[13:13:52.873] Adding entry into typings cache: 'escodegen' => '/Users/samuelbanya/Library/Caches/typescript/4.5/node_modules/@types/escodegen/index.d.ts'
[13:13:52.874] Adding entry into typings cache: 'esprima' => '/Users/samuelbanya/Library/Caches/typescript/4.5/node_modules/@types/esprima/index.d.ts'
[13:13:52.876] Adding entry into typings cache: 'estraverse' => '/Users/samuelbanya/Library/Caches/typescript/4.5/node_modules/@types/estraverse/index.d.ts'
[13:13:52.877] Adding entry into typings cache: 'esutils' => '/Users/samuelbanya/Library/Caches/typescript/4.5/node_modules/@types/esutils/index.d.ts'
[13:13:52.879] Adding entry into typings cache: 'etag' => '/Users/samuelbanya/Library/Caches/typescript/4.5/node_modules/@types/etag/index.d.ts'
[13:13:52.880] Adding entry into typings cache: 'express' => '/Users/samuelbanya/Library/Caches/typescript/4.5/node_modules/@types/express/index.d.ts'
[13:13:52.881] Adding entry into typings cache: 'extend' => '/Users/samuelbanya/Library/Caches/typescript/4.5/node_modules/@types/extend/index.d.ts'
[13:13:52.883] Adding entry into typings cache: 'extsprintf' => '/Users/samuelbanya/Library/Caches/typescript/4.5/node_modules/@types/extsprintf/index.d.ts'
[13:13:52.884] Adding entry into typings cache: 'fast-levenshtein' => '/Users/samuelbanya/Library/Caches/typescript/4.5/node_modules/@types/fast-levenshtein/index.d.ts'
[13:13:52.885] Adding entry into typings cache: 'fill-range' => '/Users/samuelbanya/Library/Caches/typescript/4.5/node_modules/@types/fill-range/index.d.ts'
[13:13:52.886] Adding entry into typings cache: 'finalhandler' => '/Users/samuelbanya/Library/Caches/typescript/4.5/node_modules/@types/finalhandler/index.d.ts'
[13:13:52.887] Adding entry into typings cache: 'flat' => '/Users/samuelbanya/Library/Caches/typescript/4.5/node_modules/@types/flat/index.d.ts'
[13:13:52.889] Adding entry into typings cache: 'foreach' => '/Users/samuelbanya/Library/Caches/typescript/4.5/node_modules/@types/foreach/index.d.ts'
[13:13:52.890] Adding entry into typings cache: 'forever-agent' => '/Users/samuelbanya/Library/Caches/typescript/4.5/node_modules/@types/forever-agent/index.d.ts'
[13:13:52.891] Adding entry into typings cache: 'forwarded' => '/Users/samuelbanya/Library/Caches/typescript/4.5/node_modules/@types/forwarded/index.d.ts'
[13:13:52.892] Adding entry into typings cache: 'fresh' => '/Users/samuelbanya/Library/Caches/typescript/4.5/node_modules/@types/fresh/index.d.ts'
[13:13:52.894] Adding entry into typings cache: 'function-bind' => '/Users/samuelbanya/Library/Caches/typescript/4.5/node_modules/@types/function-bind/index.d.ts'
[13:13:52.895] Adding entry into typings cache: 'get-func-name' => '/Users/samuelbanya/Library/Caches/typescript/4.5/node_modules/@types/get-func-name/index.d.ts'
[13:13:52.897] Adding entry into typings cache: 'get-intrinsic' => '/Users/samuelbanya/Library/Caches/typescript/4.5/node_modules/@types/get-intrinsic/index.d.ts'
[13:13:52.898] Adding entry into typings cache: 'get-value' => '/Users/samuelbanya/Library/Caches/typescript/4.5/node_modules/@types/get-value/index.d.ts'
[13:13:52.899] Adding entry into typings cache: 'getpass' => '/Users/samuelbanya/Library/Caches/typescript/4.5/node_modules/@types/getpass/index.d.ts'
[13:13:52.901] Adding entry into typings cache: 'glob' => '/Users/samuelbanya/Library/Caches/typescript/4.5/node_modules/@types/glob/index.d.ts'
[13:13:52.904] Adding entry into typings cache: 'got' => '/Users/samuelbanya/Library/Caches/typescript/4.5/node_modules/@types/got/index.d.ts'
[13:13:52.906] Adding entry into typings cache: 'graceful-fs' => '/Users/samuelbanya/Library/Caches/typescript/4.5/node_modules/@types/graceful-fs/index.d.ts'
[13:13:52.907] Adding entry into typings cache: 'has' => '/Users/samuelbanya/Library/Caches/typescript/4.5/node_modules/@types/has/index.d.ts'
[13:13:52.908] Adding entry into typings cache: 'has-ansi' => '/Users/samuelbanya/Library/Caches/typescript/4.5/node_modules/@types/has-ansi/index.d.ts'
[13:13:52.910] Adding entry into typings cache: 'has-symbols' => '/Users/samuelbanya/Library/Caches/typescript/4.5/node_modules/@types/has-symbols/index.d.ts'
[13:13:52.912] Adding entry into typings cache: 'hawk' => '/Users/samuelbanya/Library/Caches/typescript/4.5/node_modules/@types/hawk/index.d.ts'
[13:13:52.913] Adding entry into typings cache: 'he' => '/Users/samuelbanya/Library/Caches/typescript/4.5/node_modules/@types/he/index.d.ts'
[13:13:52.914] Adding entry into typings cache: 'hoek' => '/Users/samuelbanya/Library/Caches/typescript/4.5/node_modules/@types/hoek/index.d.ts'
[13:13:52.915] Adding entry into typings cache: 'html-encoding-sniffer' => '/Users/samuelbanya/Library/Caches/typescript/4.5/node_modules/@types/html-encoding-sniffer/index.d.ts'
[13:13:52.917] Adding entry into typings cache: 'http-errors' => '/Users/samuelbanya/Library/Caches/typescript/4.5/node_modules/@types/http-errors/index.d.ts'
[13:13:52.918] Adding entry into typings cache: 'imurmurhash' => '/Users/samuelbanya/Library/Caches/typescript/4.5/node_modules/@types/imurmurhash/index.d.ts'
[13:13:52.919] Adding entry into typings cache: 'inherits' => '/Users/samuelbanya/Library/Caches/typescript/4.5/node_modules/@types/inherits/index.d.ts'
[13:13:52.920] Adding entry into typings cache: 'ini' => '/Users/samuelbanya/Library/Caches/typescript/4.5/node_modules/@types/ini/index.d.ts'
[13:13:52.922] Adding entry into typings cache: 'internal-slot' => '/Users/samuelbanya/Library/Caches/typescript/4.5/node_modules/@types/internal-slot/index.d.ts'
[13:13:52.923] Adding entry into typings cache: 'invariant' => '/Users/samuelbanya/Library/Caches/typescript/4.5/node_modules/@types/invariant/index.d.ts'
[13:13:52.925] Adding entry into typings cache: 'is-arguments' => '/Users/samuelbanya/Library/Caches/typescript/4.5/node_modules/@types/is-arguments/index.d.ts'
[13:13:52.926] Adding entry into typings cache: 'is-bigint' => '/Users/samuelbanya/Library/Caches/typescript/4.5/node_modules/@types/is-bigint/index.d.ts'
[13:13:52.927] Adding entry into typings cache: 'is-boolean-object' => '/Users/samuelbanya/Library/Caches/typescript/4.5/node_modules/@types/is-boolean-object/index.d.ts'
[13:13:52.928] Adding entry into typings cache: 'is-buffer' => '/Users/samuelbanya/Library/Caches/typescript/4.5/node_modules/@types/is-buffer/index.d.ts'
[13:13:52.930] Adding entry into typings cache: 'is-callable' => '/Users/samuelbanya/Library/Caches/typescript/4.5/node_modules/@types/is-callable/index.d.ts'
[13:13:52.931] Adding entry into typings cache: 'is-ci' => '/Users/samuelbanya/Library/Caches/typescript/4.5/node_modules/@types/is-ci/index.d.ts'
[13:13:52.932] Adding entry into typings cache: 'is-core-module' => '/Users/samuelbanya/Library/Caches/typescript/4.5/node_modules/@types/is-core-module/index.d.ts'
[13:13:52.933] Adding entry into typings cache: 'is-data-descriptor' => '/Users/samuelbanya/Library/Caches/typescript/4.5/node_modules/@types/is-data-descriptor/index.d.ts'
[13:13:52.935] Adding entry into typings cache: 'is-date-object' => '/Users/samuelbanya/Library/Caches/typescript/4.5/node_modules/@types/is-date-object/index.d.ts'
[13:13:52.936] Adding entry into typings cache: 'is-finite' => '/Users/samuelbanya/Library/Caches/typescript/4.5/node_modules/@types/is-finite/index.d.ts'
[13:13:52.937] Adding entry into typings cache: 'is-generator-function' => '/Users/samuelbanya/Library/Caches/typescript/4.5/node_modules/@types/is-generator-function/index.d.ts'
[13:13:52.939] Adding entry into typings cache: 'is-number' => '/Users/samuelbanya/Library/Caches/typescript/4.5/node_modules/@types/is-number/index.d.ts'
[13:13:52.940] Adding entry into typings cache: 'is-regex' => '/Users/samuelbanya/Library/Caches/typescript/4.5/node_modules/@types/is-regex/index.d.ts'
[13:13:52.941] Adding entry into typings cache: 'is-string' => '/Users/samuelbanya/Library/Caches/typescript/4.5/node_modules/@types/is-string/index.d.ts'
[13:13:52.942] Adding entry into typings cache: 'is-typedarray' => '/Users/samuelbanya/Library/Caches/typescript/4.5/node_modules/@types/is-typedarray/index.d.ts'
[13:13:52.943] Adding entry into typings cache: 'is-windows' => '/Users/samuelbanya/Library/Caches/typescript/4.5/node_modules/@types/is-windows/index.d.ts'
[13:13:52.945] Adding entry into typings cache: 'isarray' => '/Users/samuelbanya/Library/Caches/typescript/4.5/node_modules/@types/isarray/index.d.ts'
[13:13:52.946] Adding entry into typings cache: 'isexe' => '/Users/samuelbanya/Library/Caches/typescript/4.5/node_modules/@types/isexe/index.d.ts'
[13:13:52.947] Adding entry into typings cache: 'isstream' => '/Users/samuelbanya/Library/Caches/typescript/4.5/node_modules/@types/isstream/index.d.ts'
[13:13:52.948] Adding entry into typings cache: 'jju' => '/Users/samuelbanya/Library/Caches/typescript/4.5/node_modules/@types/jju/index.d.ts'
[13:13:52.949] Adding entry into typings cache: 'js-levenshtein' => '/Users/samuelbanya/Library/Caches/typescript/4.5/node_modules/@types/js-levenshtein/index.d.ts'
[13:13:52.951] Adding entry into typings cache: 'js-yaml' => '/Users/samuelbanya/Library/Caches/typescript/4.5/node_modules/@types/js-yaml/index.d.ts'
[13:13:52.952] Adding entry into typings cache: 'jsbn' => '/Users/samuelbanya/Library/Caches/typescript/4.5/node_modules/@types/jsbn/index.d.ts'
[13:13:52.954] Adding entry into typings cache: 'jsdom' => '/Users/samuelbanya/Library/Caches/typescript/4.5/node_modules/@types/jsdom/index.d.ts'
[13:13:52.956] Adding entry into typings cache: 'jsesc' => '/Users/samuelbanya/Library/Caches/typescript/4.5/node_modules/@types/jsesc/index.d.ts'
[13:13:52.958] Adding entry into typings cache: 'json-parse-helpfulerror' => '/Users/samuelbanya/Library/Caches/typescript/4.5/node_modules/@types/json-parse-helpfulerror/index.d.ts'
[13:13:52.960] Adding entry into typings cache: 'json-schema' => '/Users/samuelbanya/Library/Caches/typescript/4.5/node_modules/@types/json-schema/index.d.ts'
[13:13:52.961] Adding entry into typings cache: 'json-server' => '/Users/samuelbanya/Library/Caches/typescript/4.5/node_modules/@types/json-server/index.d.ts'
[13:13:52.963] Adding entry into typings cache: 'json-stable-stringify' => '/Users/samuelbanya/Library/Caches/typescript/4.5/node_modules/@types/json-stable-stringify/index.d.ts'
[13:13:52.964] Adding entry into typings cache: 'json-stringify-safe' => '/Users/samuelbanya/Library/Caches/typescript/4.5/node_modules/@types/json-stringify-safe/index.d.ts'
[13:13:52.965] Adding entry into typings cache: 'kind-of' => '/Users/samuelbanya/Library/Caches/typescript/4.5/node_modules/@types/kind-of/index.d.ts'
[13:13:52.968] Adding entry into typings cache: 'lodash' => '/Users/samuelbanya/Library/Caches/typescript/4.5/node_modules/@types/lodash/index.d.ts'
[13:13:52.970] Adding entry into typings cache: 'lodash.debounce' => '/Users/samuelbanya/Library/Caches/typescript/4.5/node_modules/@types/lodash.debounce/index.d.ts'
[13:13:52.971] Adding entry into typings cache: 'lodash.once' => '/Users/samuelbanya/Library/Caches/typescript/4.5/node_modules/@types/lodash.once/index.d.ts'
[13:13:52.973] Adding entry into typings cache: 'lolex' => '/Users/samuelbanya/Library/Caches/typescript/4.5/node_modules/@types/lolex/index.d.ts'
[13:13:52.974] Adding entry into typings cache: 'lowdb' => '/Users/samuelbanya/Library/Caches/typescript/4.5/node_modules/@types/lowdb/index.d.ts'
[13:13:52.976] Adding entry into typings cache: 'lru-cache' => '/Users/samuelbanya/Library/Caches/typescript/4.5/node_modules/@types/lru-cache/index.d.ts'
[13:13:52.977] Adding entry into typings cache: 'media-typer' => '/Users/samuelbanya/Library/Caches/typescript/4.5/node_modules/@types/media-typer/index.d.ts'
[13:13:52.978] Adding entry into typings cache: 'merge-descriptors' => '/Users/samuelbanya/Library/Caches/typescript/4.5/node_modules/@types/merge-descriptors/index.d.ts'
[13:13:52.979] Adding entry into typings cache: 'method-override' => '/Users/samuelbanya/Library/Caches/typescript/4.5/node_modules/@types/method-override/index.d.ts'
[13:13:52.981] Adding entry into typings cache: 'methods' => '/Users/samuelbanya/Library/Caches/typescript/4.5/node_modules/@types/methods/index.d.ts'
[13:13:52.983] Adding entry into typings cache: 'micromatch' => '/Users/samuelbanya/Library/Caches/typescript/4.5/node_modules/@types/micromatch/index.d.ts'
[13:13:52.985] Adding entry into typings cache: 'mime' => '/Users/samuelbanya/Library/Caches/typescript/4.5/node_modules/@types/mime/index.d.ts'
[13:13:52.988] Adding entry into typings cache: 'mime-db' => '/Users/samuelbanya/Library/Caches/typescript/4.5/node_modules/@types/mime-db/index.d.ts'
[13:13:52.990] Adding entry into typings cache: 'mime-types' => '/Users/samuelbanya/Library/Caches/typescript/4.5/node_modules/@types/mime-types/index.d.ts'
[13:13:52.991] Adding entry into typings cache: 'minimatch' => '/Users/samuelbanya/Library/Caches/typescript/4.5/node_modules/@types/minimatch/index.d.ts'
[13:13:52.992] Adding entry into typings cache: 'minimist' => '/Users/samuelbanya/Library/Caches/typescript/4.5/node_modules/@types/minimist/index.d.ts'
[13:13:52.994] Adding entry into typings cache: 'mkdirp' => '/Users/samuelbanya/Library/Caches/typescript/4.5/node_modules/@types/mkdirp/index.d.ts'
[13:13:52.995] Adding entry into typings cache: 'mocha' => '/Users/samuelbanya/Library/Caches/typescript/4.5/node_modules/@types/mocha/index.d.ts'
[13:13:52.997] Adding entry into typings cache: 'morgan' => '/Users/samuelbanya/Library/Caches/typescript/4.5/node_modules/@types/morgan/index.d.ts'
[13:13:52.998] Adding entry into typings cache: 'ms' => '/Users/samuelbanya/Library/Caches/typescript/4.5/node_modules/@types/ms/index.d.ts'
[13:13:52.999] Adding entry into typings cache: 'negotiator' => '/Users/samuelbanya/Library/Caches/typescript/4.5/node_modules/@types/negotiator/index.d.ts'
[13:13:53.000] Adding entry into typings cache: 'nice-try' => '/Users/samuelbanya/Library/Caches/typescript/4.5/node_modules/@types/nice-try/index.d.ts'
[13:13:53.001] Adding entry into typings cache: 'nise' => '/Users/samuelbanya/Library/Caches/typescript/4.5/node_modules/@types/nise/index.d.ts'
[13:13:53.002] Adding entry into typings cache: 'node-fetch' => '/Users/samuelbanya/Library/Caches/typescript/4.5/node_modules/@types/node-fetch/index.d.ts'
[13:13:53.003] Adding entry into typings cache: 'number-is-nan' => '/Users/samuelbanya/Library/Caches/typescript/4.5/node_modules/@types/number-is-nan/index.d.ts'
[13:13:53.004] Adding entry into typings cache: 'nwmatcher' => '/Users/samuelbanya/Library/Caches/typescript/4.5/node_modules/@types/nwmatcher/index.d.ts'
[13:13:53.005] Adding entry into typings cache: 'object-assign' => '/Users/samuelbanya/Library/Caches/typescript/4.5/node_modules/@types/object-assign/index.d.ts'
[13:13:53.006] Adding entry into typings cache: 'object-inspect' => '/Users/samuelbanya/Library/Caches/typescript/4.5/node_modules/@types/object-inspect/index.d.ts'
[13:13:53.008] Adding entry into typings cache: 'object-keys' => '/Users/samuelbanya/Library/Caches/typescript/4.5/node_modules/@types/object-keys/index.d.ts'
[13:13:53.009] Adding entry into typings cache: 'object.getownpropertydescriptors' => '/Users/samuelbanya/Library/Caches/typescript/4.5/node_modules/@types/object.getownpropertydescriptors/index.d.ts'
[13:13:53.010] Adding entry into typings cache: 'object.pick' => '/Users/samuelbanya/Library/Caches/typescript/4.5/node_modules/@types/object.pick/index.d.ts'
[13:13:53.011] Adding entry into typings cache: 'on-finished' => '/Users/samuelbanya/Library/Caches/typescript/4.5/node_modules/@types/on-finished/index.d.ts'
[13:13:53.012] Adding entry into typings cache: 'on-headers' => '/Users/samuelbanya/Library/Caches/typescript/4.5/node_modules/@types/on-headers/index.d.ts'
[13:13:53.014] Adding entry into typings cache: 'once' => '/Users/samuelbanya/Library/Caches/typescript/4.5/node_modules/@types/once/index.d.ts'
[13:13:53.015] Adding entry into typings cache: 'os-homedir' => '/Users/samuelbanya/Library/Caches/typescript/4.5/node_modules/@types/os-homedir/index.d.ts'
[13:13:53.017] Adding entry into typings cache: 'os-tmpdir' => '/Users/samuelbanya/Library/Caches/typescript/4.5/node_modules/@types/os-tmpdir/index.d.ts'
[13:13:53.018] Adding entry into typings cache: 'parse5' => '/Users/samuelbanya/Library/Caches/typescript/4.5/node_modules/@types/parse5/index.d.ts'
[13:13:53.019] Adding entry into typings cache: 'parseurl' => '/Users/samuelbanya/Library/Caches/typescript/4.5/node_modules/@types/parseurl/index.d.ts'
[13:13:53.020] Adding entry into typings cache: 'pascalcase' => '/Users/samuelbanya/Library/Caches/typescript/4.5/node_modules/@types/pascalcase/index.d.ts'
[13:13:53.021] Adding entry into typings cache: 'path-is-absolute' => '/Users/samuelbanya/Library/Caches/typescript/4.5/node_modules/@types/path-is-absolute/index.d.ts'
[13:13:53.023] Adding entry into typings cache: 'path-is-inside' => '/Users/samuelbanya/Library/Caches/typescript/4.5/node_modules/@types/path-is-inside/index.d.ts'
[13:13:53.024] Adding entry into typings cache: 'path-parse' => '/Users/samuelbanya/Library/Caches/typescript/4.5/node_modules/@types/path-parse/index.d.ts'
[13:13:53.025] Adding entry into typings cache: 'pathval' => '/Users/samuelbanya/Library/Caches/typescript/4.5/node_modules/@types/pathval/index.d.ts'
[13:13:53.026] Adding entry into typings cache: 'pify' => '/Users/samuelbanya/Library/Caches/typescript/4.5/node_modules/@types/pify/index.d.ts'
[13:13:53.027] Adding entry into typings cache: 'pluralize' => '/Users/samuelbanya/Library/Caches/typescript/4.5/node_modules/@types/pluralize/index.d.ts'
[13:13:53.028] Adding entry into typings cache: 'prelude-ls' => '/Users/samuelbanya/Library/Caches/typescript/4.5/node_modules/@types/prelude-ls/index.d.ts'
[13:13:53.029] Adding entry into typings cache: 'proxy-addr' => '/Users/samuelbanya/Library/Caches/typescript/4.5/node_modules/@types/proxy-addr/index.d.ts'
[13:13:53.030] Adding entry into typings cache: 'psl' => '/Users/samuelbanya/Library/Caches/typescript/4.5/node_modules/@types/psl/index.d.ts'
[13:13:53.031] Adding entry into typings cache: 'pump' => '/Users/samuelbanya/Library/Caches/typescript/4.5/node_modules/@types/pump/index.d.ts'
[13:13:53.032] Adding entry into typings cache: 'punycode' => '/Users/samuelbanya/Library/Caches/typescript/4.5/node_modules/@types/punycode/index.d.ts'
[13:13:53.033] Adding entry into typings cache: 'qs' => '/Users/samuelbanya/Library/Caches/typescript/4.5/node_modules/@types/qs/index.d.ts'
[13:13:53.034] Adding entry into typings cache: 'range-parser' => '/Users/samuelbanya/Library/Caches/typescript/4.5/node_modules/@types/range-parser/index.d.ts'
[13:13:53.035] Adding entry into typings cache: 'rc' => '/Users/samuelbanya/Library/Caches/typescript/4.5/node_modules/@types/rc/index.d.ts'
[13:13:53.036] Adding entry into typings cache: 'react-is' => '/Users/samuelbanya/Library/Caches/typescript/4.5/node_modules/@types/react-is/index.d.ts'
[13:13:53.037] Adding entry into typings cache: 'regenerate' => '/Users/samuelbanya/Library/Caches/typescript/4.5/node_modules/@types/regenerate/index.d.ts'
[13:13:53.039] Adding entry into typings cache: 'regenerator-runtime' => '/Users/samuelbanya/Library/Caches/typescript/4.5/node_modules/@types/regenerator-runtime/index.d.ts'
[13:13:53.039] Adding entry into typings cache: 'regex-not' => '/Users/samuelbanya/Library/Caches/typescript/4.5/node_modules/@types/regex-not/index.d.ts'
[13:13:53.041] Adding entry into typings cache: 'registry-auth-token' => '/Users/samuelbanya/Library/Caches/typescript/4.5/node_modules/@types/registry-auth-token/index.d.ts'
[13:13:53.042] Adding entry into typings cache: 'repeat-element' => '/Users/samuelbanya/Library/Caches/typescript/4.5/node_modules/@types/repeat-element/index.d.ts'
[13:13:53.044] Adding entry into typings cache: 'repeat-string' => '/Users/samuelbanya/Library/Caches/typescript/4.5/node_modules/@types/repeat-string/index.d.ts'
[13:13:53.045] Adding entry into typings cache: 'repeating' => '/Users/samuelbanya/Library/Caches/typescript/4.5/node_modules/@types/repeating/index.d.ts'
[13:13:53.046] Adding entry into typings cache: 'request' => '/Users/samuelbanya/Library/Caches/typescript/4.5/node_modules/@types/request/index.d.ts'
[13:13:53.047] Adding entry into typings cache: 'require-directory' => '/Users/samuelbanya/Library/Caches/typescript/4.5/node_modules/@types/require-directory/index.d.ts'
[13:13:53.049] Adding entry into typings cache: 'resolve' => '/Users/samuelbanya/Library/Caches/typescript/4.5/node_modules/@types/resolve/index.d.ts'
[13:13:53.049] Adding entry into typings cache: 'safe-regex' => '/Users/samuelbanya/Library/Caches/typescript/4.5/node_modules/@types/safe-regex/index.d.ts'
[13:13:53.050] Adding entry into typings cache: 'safer-buffer' => '/Users/samuelbanya/Library/Caches/typescript/4.5/node_modules/@types/safer-buffer/index.d.ts'
[13:13:53.051] Adding entry into typings cache: 'sax' => '/Users/samuelbanya/Library/Caches/typescript/4.5/node_modules/@types/sax/index.d.ts'
[13:13:53.052] Adding entry into typings cache: 'semver' => '/Users/samuelbanya/Library/Caches/typescript/4.5/node_modules/@types/semver/index.d.ts'
[13:13:53.053] Adding entry into typings cache: 'semver-compare' => '/Users/samuelbanya/Library/Caches/typescript/4.5/node_modules/@types/semver-compare/index.d.ts'
[13:13:53.054] Adding entry into typings cache: 'send' => '/Users/samuelbanya/Library/Caches/typescript/4.5/node_modules/@types/send/index.d.ts'
[13:13:53.055] Adding entry into typings cache: 'serve-static' => '/Users/samuelbanya/Library/Caches/typescript/4.5/node_modules/@types/serve-static/index.d.ts'
[13:13:53.056] Adding entry into typings cache: 'server-destroy' => '/Users/samuelbanya/Library/Caches/typescript/4.5/node_modules/@types/server-destroy/index.d.ts'
[13:13:53.057] Adding entry into typings cache: 'set-value' => '/Users/samuelbanya/Library/Caches/typescript/4.5/node_modules/@types/set-value/index.d.ts'
[13:13:53.058] Adding entry into typings cache: 'shebang-command' => '/Users/samuelbanya/Library/Caches/typescript/4.5/node_modules/@types/shebang-command/index.d.ts'
[13:13:53.059] Adding entry into typings cache: 'signal-exit' => '/Users/samuelbanya/Library/Caches/typescript/4.5/node_modules/@types/signal-exit/index.d.ts'
[13:13:53.060] Adding entry into typings cache: 'sinon' => '/Users/samuelbanya/Library/Caches/typescript/4.5/node_modules/@types/sinon/index.d.ts'
[13:13:53.061] Adding entry into typings cache: 'sinon-stub-promise' => '/Users/samuelbanya/Library/Caches/typescript/4.5/node_modules/@types/sinon-stub-promise/index.d.ts'
[13:13:53.063] Adding entry into typings cache: 'sntp' => '/Users/samuelbanya/Library/Caches/typescript/4.5/node_modules/@types/sntp/index.d.ts'
[13:13:53.064] Adding entry into typings cache: 'source-map-support' => '/Users/samuelbanya/Library/Caches/typescript/4.5/node_modules/@types/source-map-support/index.d.ts'
[13:13:53.064] Adding entry into typings cache: 'sprintf' => '/Users/samuelbanya/Library/Caches/typescript/4.5/node_modules/@types/sprintf/index.d.ts'
[13:13:53.065] Adding entry into typings cache: 'sprintf-js' => '/Users/samuelbanya/Library/Caches/typescript/4.5/node_modules/@types/sprintf-js/index.d.ts'
[13:13:53.067] Adding entry into typings cache: 'sshpk' => '/Users/samuelbanya/Library/Caches/typescript/4.5/node_modules/@types/sshpk/index.d.ts'
[13:13:53.068] Adding entry into typings cache: 'stack-utils' => '/Users/samuelbanya/Library/Caches/typescript/4.5/node_modules/@types/stack-utils/index.d.ts'
[13:13:53.068] Adding entry into typings cache: 'statuses' => '/Users/samuelbanya/Library/Caches/typescript/4.5/node_modules/@types/statuses/index.d.ts'
[13:13:53.070] Adding entry into typings cache: 'supports-color' => '/Users/samuelbanya/Library/Caches/typescript/4.5/node_modules/@types/supports-color/index.d.ts'
[13:13:53.070] Adding entry into typings cache: 'symbol-tree' => '/Users/samuelbanya/Library/Caches/typescript/4.5/node_modules/@types/symbol-tree/index.d.ts'
[13:13:53.073] Adding entry into typings cache: 'to-regex' => '/Users/samuelbanya/Library/Caches/typescript/4.5/node_modules/@types/to-regex/index.d.ts'
[13:13:53.074] Adding entry into typings cache: 'to-regex-range' => '/Users/samuelbanya/Library/Caches/typescript/4.5/node_modules/@types/to-regex-range/index.d.ts'
[13:13:53.074] Adding entry into typings cache: 'tough-cookie' => '/Users/samuelbanya/Library/Caches/typescript/4.5/node_modules/@types/tough-cookie/index.d.ts'
[13:13:53.076] Adding entry into typings cache: 'type-check' => '/Users/samuelbanya/Library/Caches/typescript/4.5/node_modules/@types/type-check/index.d.ts'
[13:13:53.077] Adding entry into typings cache: 'type-detect' => '/Users/samuelbanya/Library/Caches/typescript/4.5/node_modules/@types/type-detect/index.d.ts'
[13:13:53.078] Adding entry into typings cache: 'type-is' => '/Users/samuelbanya/Library/Caches/typescript/4.5/node_modules/@types/type-is/index.d.ts'
[13:13:53.079] Adding entry into typings cache: 'update-notifier' => '/Users/samuelbanya/Library/Caches/typescript/4.5/node_modules/@types/update-notifier/index.d.ts'
[13:13:53.080] Adding entry into typings cache: 'urix' => '/Users/samuelbanya/Library/Caches/typescript/4.5/node_modules/@types/urix/index.d.ts'
[13:13:53.081] Adding entry into typings cache: 'url-parse-lax' => '/Users/samuelbanya/Library/Caches/typescript/4.5/node_modules/@types/url-parse-lax/index.d.ts'
[13:13:53.081] Adding entry into typings cache: 'utils-merge' => '/Users/samuelbanya/Library/Caches/typescript/4.5/node_modules/@types/utils-merge/index.d.ts'
[13:13:53.082] Adding entry into typings cache: 'uuid' => '/Users/samuelbanya/Library/Caches/typescript/4.5/node_modules/@types/uuid/index.d.ts'
[13:13:53.083] Adding entry into typings cache: 'vary' => '/Users/samuelbanya/Library/Caches/typescript/4.5/node_modules/@types/vary/index.d.ts'
[13:13:53.084] Adding entry into typings cache: 'verror' => '/Users/samuelbanya/Library/Caches/typescript/4.5/node_modules/@types/verror/index.d.ts'
[13:13:53.085] Adding entry into typings cache: 'webidl-conversions' => '/Users/samuelbanya/Library/Caches/typescript/4.5/node_modules/@types/webidl-conversions/index.d.ts'
[13:13:53.085] Adding entry into typings cache: 'whatwg-encoding' => '/Users/samuelbanya/Library/Caches/typescript/4.5/node_modules/@types/whatwg-encoding/index.d.ts'
[13:13:53.087] Adding entry into typings cache: 'whatwg-url' => '/Users/samuelbanya/Library/Caches/typescript/4.5/node_modules/@types/whatwg-url/index.d.ts'
[13:13:53.087] Adding entry into typings cache: 'which' => '/Users/samuelbanya/Library/Caches/typescript/4.5/node_modules/@types/which/index.d.ts'
[13:13:53.088] Adding entry into typings cache: 'wordwrap' => '/Users/samuelbanya/Library/Caches/typescript/4.5/node_modules/@types/wordwrap/index.d.ts'
[13:13:53.089] Adding entry into typings cache: 'wrap-ansi' => '/Users/samuelbanya/Library/Caches/typescript/4.5/node_modules/@types/wrap-ansi/index.d.ts'
[13:13:53.090] Adding entry into typings cache: 'write-file-atomic' => '/Users/samuelbanya/Library/Caches/typescript/4.5/node_modules/@types/write-file-atomic/index.d.ts'
[13:13:53.091] Adding entry into typings cache: 'xml-name-validator' => '/Users/samuelbanya/Library/Caches/typescript/4.5/node_modules/@types/xml-name-validator/index.d.ts'
[13:13:53.092] Adding entry into typings cache: 'yallist' => '/Users/samuelbanya/Library/Caches/typescript/4.5/node_modules/@types/yallist/index.d.ts'
[13:13:53.093] Adding entry into typings cache: 'yargs' => '/Users/samuelbanya/Library/Caches/typescript/4.5/node_modules/@types/yargs/index.d.ts'
[13:13:53.094] Adding entry into typings cache: 'yargs-parser' => '/Users/samuelbanya/Library/Caches/typescript/4.5/node_modules/@types/yargs-parser/index.d.ts'
[13:13:53.094] Adding entry into typings cache: 'yargs-unparser' => '/Users/samuelbanya/Library/Caches/typescript/4.5/node_modules/@types/yargs-unparser/index.d.ts'
[13:13:53.095] Finished processing cache location '/Users/samuelbanya/Library/Caches/typescript/4.5'
[13:13:53.095] Process id: 2851
[13:13:53.095] NPM location: /Users/samuelbanya/.nvm/versions/node/v16.14.2/bin/npm (explicit '--npmLocation' not  provided)
[13:13:53.095] validateDefaultNpmLocation: false
[13:13:53.095] Npm config file: /Users/samuelbanya/Library/Caches/typescript/4.5/package.json
[13:13:53.096] Updating types-registry npm package...
[13:13:53.096] Exec: /Users/samuelbanya/.nvm/versions/node/v16.14.2/bin/npm install --ignore-scripts types-registry@latest
[13:13:54.412]     Succeeded. stdout:
    
    up to date, audited 298 packages in 959ms

4 packages are looking for funding
  run `npm fund` for details

found 0 vulnerabilities

[13:13:54.412] Updated types-registry npm package
[13:13:54.439] Got install request {"projectName":"/dev/null/inferredProject1*","fileNames":["/usr/local/lib/node_modules/typescript/lib/lib.es5.d.ts","/usr/local/lib/node_modules/typescript/lib/lib.es2015.d.ts","/usr/local/lib/node_modules/typescript/lib/lib.es2016.d.ts","/usr/local/lib/node_modules/typescript/lib/lib.dom.d.ts","/usr/local/lib/node_modules/typescript/lib/lib.dom.iterable.d.ts","/usr/local/lib/node_modules/typescript/lib/lib.webworker.importscripts.d.ts","/usr/local/lib/node_modules/typescript/lib/lib.scripthost.d.ts","/usr/local/lib/node_modules/typescript/lib/lib.es2015.core.d.ts","/usr/local/lib/node_modules/typescript/lib/lib.es2015.collection.d.ts","/usr/local/lib/node_modules/typescript/lib/lib.es2015.generator.d.ts","/usr/local/lib/node_modules/typescript/lib/lib.es2015.iterable.d.ts","/usr/local/lib/node_modules/typescript/lib/lib.es2015.promise.d.ts","/usr/local/lib/node_modules/typescript/lib/lib.es2015.proxy.d.ts","/usr/local/lib/node_modules/typescript/lib/lib.es2015.reflect.d.ts","/usr/local/lib/node_modules/typescript/lib/lib.es2015.symbol.d.ts","/usr/local/lib/node_modules/typescript/lib/lib.es2015.symbol.wellknown.d.ts","/usr/local/lib/node_modules/typescript/lib/lib.es2016.array.include.d.ts","/usr/local/lib/node_modules/typescript/lib/lib.es2016.full.d.ts","/Users/samuelbanya/hub/Development/code/phase-1/Meowser/js/meowser.js"],"compilerOptions":{"module":1,"target":3,"jsx":1,"allowJs":true,"allowSyntheticDefaultImports":true,"allowNonTsExtensions":true,"noEmitForJsFiles":true,"maxNodeModuleJsDepth":2},"typeAcquisition":{"enable":true,"include":[],"exclude":[]},"unresolvedImports":[],"projectRootPath":"/Users/samuelbanya/hub/Development/code/phase-1/Meowser/js","kind":"discover"}
[13:13:54.444] Loaded safelist from types map file '/usr/local/lib/node_modules/typescript/lib/typesmap.json'
[13:13:54.445] Explicitly included types: []
[13:13:54.445] Inferred typings from unresolved imports: []
[13:13:54.446] Result: {"cachedTypingPaths":[],"newTypingNames":[],"filesToWatch":["/Users/samuelbanya/hub/Development/code/phase-1/Meowser/js/bower_components","/Users/samuelbanya/hub/Development/code/phase-1/Meowser/js/node_modules"]}
[13:13:54.446] Finished typings discovery: {"cachedTypingPaths":[],"newTypingNames":[],"filesToWatch":["/Users/samuelbanya/hub/Development/code/phase-1/Meowser/js/bower_components","/Users/samuelbanya/hub/Development/code/phase-1/Meowser/js/node_modules"]}
[13:13:54.446] DirectoryWatcher:: Added:: WatchInfo: /Users/samuelbanya/hub/Development/code/phase-1/Meowser/js/bower_components
[13:13:54.447] DirectoryWatcher:: Added:: WatchInfo: /Users/samuelbanya/hub/Development/code/phase-1/Meowser/js/bower_components 1 undefined Project: /dev/null/inferredProject1* watcher already invoked: false
[13:13:54.448] Elapsed:: 1.0340110000688583ms DirectoryWatcher:: Added:: WatchInfo: /Users/samuelbanya/hub/Development/code/phase-1/Meowser/js/bower_components 1 undefined Project: /dev/null/inferredProject1* watcher already invoked: false
[13:13:54.448] DirectoryWatcher:: Added:: WatchInfo: /Users/samuelbanya/hub/Development/code/phase-1/Meowser/js/node_modules
[13:13:54.448] DirectoryWatcher:: Added:: WatchInfo: /Users/samuelbanya/hub/Development/code/phase-1/Meowser/js/node_modules 1 undefined Project: /dev/null/inferredProject1* watcher already invoked: false
[13:13:54.449] Elapsed:: 0.07886200002394617ms DirectoryWatcher:: Added:: WatchInfo: /Users/samuelbanya/hub/Development/code/phase-1/Meowser/js/node_modules 1 undefined Project: /dev/null/inferredProject1* watcher already invoked: false
[13:13:54.449] Sending response:
    {"projectName":"/dev/null/inferredProject1*","typeAcquisition":{"enable":true,"include":[],"exclude":[]},"compilerOptions":{"module":1,"target":3,"jsx":1,"allowJs":true,"allowSyntheticDefaultImports":true,"allowNonTsExtensions":true,"noEmitForJsFiles":true,"maxNodeModuleJsDepth":2},"typings":[],"unresolvedImports":[],"kind":"action::set"}
[13:13:54.449] Response has been sent.
[13:13:54.449] No new typings were requested as a result of typings discovery
